21:26:02.019 [background-preinit] INFO  o.h.validator.internal.util.Version - HV000001: Hibernate Validator 6.2.0.Final
21:26:02.024 [restartedMain] INFO  c.s.r.RestCrudApiTutorialApplication - Starting RestCrudApiTutorialApplication using Java 17.0.2 on DESKTOP-9JL74QH with PID 25308 (C:\Users\NORUL\Documents\IdeaProjects\rest-crud-api-tutorial\target\classes started by NORUL in C:\Users\NORUL\Documents\IdeaProjects\banking-application-crud)
21:26:02.024 [restartedMain] INFO  c.s.r.RestCrudApiTutorialApplication - No active profile set, falling back to default profiles: default
21:26:02.055 [restartedMain] INFO  o.s.b.d.e.DevToolsPropertyDefaultsPostProcessor - Devtools property defaults active! Set 'spring.devtools.add-properties' to 'false' to disable
21:26:02.056 [restartedMain] INFO  o.s.b.d.e.DevToolsPropertyDefaultsPostProcessor - For additional web related logging consider setting the 'logging.level.web' property to 'DEBUG'
21:26:02.698 [restartedMain] INFO  o.s.d.r.c.RepositoryConfigurationDelegate - Bootstrapping Spring Data JPA repositories in DEFAULT mode.
21:26:02.753 [restartedMain] INFO  o.s.d.r.c.RepositoryConfigurationDelegate - Finished Spring Data repository scanning in 40 ms. Found 1 JPA repository interfaces.
21:26:03.306 [restartedMain] INFO  o.s.b.w.e.tomcat.TomcatWebServer - Tomcat initialized with port(s): 9090 (http)
21:26:03.317 [restartedMain] INFO  o.a.coyote.http11.Http11NioProtocol - Initializing ProtocolHandler ["http-nio-9090"]
21:26:03.318 [restartedMain] INFO  o.a.catalina.core.StandardService - Starting service [Tomcat]
21:26:03.318 [restartedMain] INFO  o.a.catalina.core.StandardEngine - Starting Servlet engine: [Apache Tomcat/9.0.56]
21:26:03.379 [restartedMain] INFO  o.a.c.c.C.[.[localhost].[/crud-api] - Initializing Spring embedded WebApplicationContext
21:26:03.379 [restartedMain] INFO  o.s.b.w.s.c.ServletWebServerApplicationContext - Root WebApplicationContext: initialization completed in 1323 ms
21:26:03.521 [restartedMain] INFO  o.h.jpa.internal.util.LogHelper - HHH000204: Processing PersistenceUnitInfo [name: default]
21:26:03.570 [restartedMain] INFO  org.hibernate.Version - HHH000412: Hibernate ORM core version 5.6.4.Final
21:26:03.701 [restartedMain] INFO  o.h.annotations.common.Version - HCANN000001: Hibernate Commons Annotations {5.1.2.Final}
21:26:03.781 [restartedMain] INFO  com.zaxxer.hikari.HikariDataSource - HikariPool-1 - Starting...
21:26:04.030 [restartedMain] INFO  com.zaxxer.hikari.HikariDataSource - HikariPool-1 - Start completed.
21:26:04.042 [restartedMain] INFO  org.hibernate.dialect.Dialect - HHH000400: Using dialect: org.hibernate.dialect.MySQL8Dialect
21:26:04.508 [restartedMain] INFO  o.h.e.t.j.p.i.JtaPlatformInitiator - HHH000490: Using JtaPlatform implementation: [org.hibernate.engine.transaction.jta.platform.internal.NoJtaPlatform]
21:26:04.513 [restartedMain] INFO  o.s.o.j.LocalContainerEntityManagerFactoryBean - Initialized JPA EntityManagerFactory for persistence unit 'default'
21:26:04.997 [restartedMain] WARN  o.s.b.a.o.j.JpaBaseConfiguration$JpaWebConfiguration - spring.jpa.open-in-view is enabled by default. Therefore, database queries may be performed during view rendering. Explicitly configure spring.jpa.open-in-view to disable this warning
21:26:05.158 [restartedMain] INFO  s.d.s.w.PropertySourcedRequestMappingHandlerMapping - Mapped URL path [/v2/api-docs] onto method [springfox.documentation.swagger2.web.Swagger2Controller#getDocumentation(String, HttpServletRequest)]
21:26:05.297 [restartedMain] INFO  o.s.b.d.a.OptionalLiveReloadServer - LiveReload server is running on port 35729
21:26:05.438 [restartedMain] INFO  o.a.coyote.http11.Http11NioProtocol - Starting ProtocolHandler ["http-nio-9090"]
21:26:05.463 [restartedMain] INFO  o.s.b.w.e.tomcat.TomcatWebServer - Tomcat started on port(s): 9090 (http) with context path '/crud-api'
21:26:05.464 [restartedMain] INFO  s.d.s.w.p.DocumentationPluginsBootstrapper - Context refreshed
21:26:05.495 [restartedMain] INFO  s.d.s.w.p.DocumentationPluginsBootstrapper - Found 1 custom documentation plugin(s)
21:26:05.521 [restartedMain] INFO  s.d.s.w.s.ApiListingReferenceScanner - Scanning for api listing references
21:26:05.639 [restartedMain] INFO  c.s.r.RestCrudApiTutorialApplication - Started RestCrudApiTutorialApplication in 3.947 seconds (JVM running for 4.279)
21:26:05.640 [restartedMain] INFO  c.s.r.startup.MyStartup - Application name: rest-api-tutorials just loaded!
21:26:05.641 [restartedMain] INFO  c.s.r.RestCrudApiTutorialApplication - App started
21:26:32.479 [SpringApplicationShutdownHook] INFO  o.s.o.j.LocalContainerEntityManagerFactoryBean - Closing JPA EntityManagerFactory for persistence unit 'default'
21:26:32.481 [SpringApplicationShutdownHook] INFO  com.zaxxer.hikari.HikariDataSource - HikariPool-1 - Shutdown initiated...
21:26:32.489 [SpringApplicationShutdownHook] INFO  com.zaxxer.hikari.HikariDataSource - HikariPool-1 - Shutdown completed.
21:29:32.778 [background-preinit] INFO  o.h.validator.internal.util.Version - HV000001: Hibernate Validator 6.2.0.Final
21:29:32.784 [restartedMain] INFO  c.s.r.RestCrudApiTutorialApplication - Starting RestCrudApiTutorialApplication using Java 17.0.2 on DESKTOP-9JL74QH with PID 11096 (C:\Users\NORUL\Documents\IdeaProjects\rest-crud-api-tutorial\target\classes started by NORUL in C:\Users\NORUL\Documents\IdeaProjects\banking-application-crud)
21:29:32.784 [restartedMain] INFO  c.s.r.RestCrudApiTutorialApplication - No active profile set, falling back to default profiles: default
21:29:32.813 [restartedMain] INFO  o.s.b.d.e.DevToolsPropertyDefaultsPostProcessor - Devtools property defaults active! Set 'spring.devtools.add-properties' to 'false' to disable
21:29:32.813 [restartedMain] INFO  o.s.b.d.e.DevToolsPropertyDefaultsPostProcessor - For additional web related logging consider setting the 'logging.level.web' property to 'DEBUG'
21:29:33.327 [restartedMain] INFO  o.s.d.r.c.RepositoryConfigurationDelegate - Bootstrapping Spring Data JPA repositories in DEFAULT mode.
21:29:33.377 [restartedMain] INFO  o.s.d.r.c.RepositoryConfigurationDelegate - Finished Spring Data repository scanning in 43 ms. Found 1 JPA repository interfaces.
21:29:33.881 [restartedMain] INFO  o.s.b.w.e.tomcat.TomcatWebServer - Tomcat initialized with port(s): 9090 (http)
21:29:33.890 [restartedMain] INFO  o.a.coyote.http11.Http11NioProtocol - Initializing ProtocolHandler ["http-nio-9090"]
21:29:33.891 [restartedMain] INFO  o.a.catalina.core.StandardService - Starting service [Tomcat]
21:29:33.891 [restartedMain] INFO  o.a.catalina.core.StandardEngine - Starting Servlet engine: [Apache Tomcat/9.0.56]
21:29:33.947 [restartedMain] INFO  o.a.c.c.C.[.[localhost].[/crud-api] - Initializing Spring embedded WebApplicationContext
21:29:33.948 [restartedMain] INFO  o.s.b.w.s.c.ServletWebServerApplicationContext - Root WebApplicationContext: initialization completed in 1135 ms
21:29:34.095 [restartedMain] INFO  o.h.jpa.internal.util.LogHelper - HHH000204: Processing PersistenceUnitInfo [name: default]
21:29:34.137 [restartedMain] INFO  org.hibernate.Version - HHH000412: Hibernate ORM core version 5.6.4.Final
21:29:34.259 [restartedMain] INFO  o.h.annotations.common.Version - HCANN000001: Hibernate Commons Annotations {5.1.2.Final}
21:29:34.336 [restartedMain] INFO  com.zaxxer.hikari.HikariDataSource - HikariPool-1 - Starting...
21:29:34.536 [restartedMain] INFO  com.zaxxer.hikari.HikariDataSource - HikariPool-1 - Start completed.
21:29:34.547 [restartedMain] INFO  org.hibernate.dialect.Dialect - HHH000400: Using dialect: org.hibernate.dialect.MySQL8Dialect
21:29:35.035 [restartedMain] INFO  o.h.e.t.j.p.i.JtaPlatformInitiator - HHH000490: Using JtaPlatform implementation: [org.hibernate.engine.transaction.jta.platform.internal.NoJtaPlatform]
21:29:35.040 [restartedMain] INFO  o.s.o.j.LocalContainerEntityManagerFactoryBean - Initialized JPA EntityManagerFactory for persistence unit 'default'
21:29:35.570 [restartedMain] WARN  o.s.b.a.o.j.JpaBaseConfiguration$JpaWebConfiguration - spring.jpa.open-in-view is enabled by default. Therefore, database queries may be performed during view rendering. Explicitly configure spring.jpa.open-in-view to disable this warning
21:29:35.695 [restartedMain] INFO  s.d.s.w.PropertySourcedRequestMappingHandlerMapping - Mapped URL path [/v2/api-docs] onto method [springfox.documentation.swagger2.web.Swagger2Controller#getDocumentation(String, HttpServletRequest)]
21:29:35.798 [restartedMain] INFO  o.s.b.d.a.OptionalLiveReloadServer - LiveReload server is running on port 35729
21:29:35.961 [restartedMain] INFO  o.a.coyote.http11.Http11NioProtocol - Starting ProtocolHandler ["http-nio-9090"]
21:29:35.986 [restartedMain] INFO  o.s.b.w.e.tomcat.TomcatWebServer - Tomcat started on port(s): 9090 (http) with context path '/crud-api'
21:29:35.987 [restartedMain] INFO  s.d.s.w.p.DocumentationPluginsBootstrapper - Context refreshed
21:29:36.005 [restartedMain] INFO  s.d.s.w.p.DocumentationPluginsBootstrapper - Found 1 custom documentation plugin(s)
21:29:36.030 [restartedMain] INFO  s.d.s.w.s.ApiListingReferenceScanner - Scanning for api listing references
21:29:36.150 [restartedMain] INFO  c.s.r.RestCrudApiTutorialApplication - Started RestCrudApiTutorialApplication in 3.663 seconds (JVM running for 3.975)
21:29:36.152 [restartedMain] INFO  c.s.r.startup.MyStartup - Application name: rest-api-tutorials just loaded!
21:29:36.153 [restartedMain] INFO  c.s.r.RestCrudApiTutorialApplication - App started
21:29:44.615 [SpringApplicationShutdownHook] INFO  o.s.o.j.LocalContainerEntityManagerFactoryBean - Closing JPA EntityManagerFactory for persistence unit 'default'
21:29:44.617 [SpringApplicationShutdownHook] INFO  com.zaxxer.hikari.HikariDataSource - HikariPool-1 - Shutdown initiated...
21:29:44.625 [SpringApplicationShutdownHook] INFO  com.zaxxer.hikari.HikariDataSource - HikariPool-1 - Shutdown completed.
21:30:12.925 [background-preinit] INFO  o.h.validator.internal.util.Version - HV000001: Hibernate Validator 6.2.3.Final
21:30:12.926 [restartedMain] INFO  c.s.b.BankingApplicationCrudApplication - Starting BankingApplicationCrudApplication using Java 17.0.2 on DESKTOP-9JL74QH with PID 29520 (C:\Users\NORUL\Documents\IdeaProjects\banking-application-crud\target\classes started by NORUL in C:\Users\NORUL\Documents\IdeaProjects\banking-application-crud)
21:30:12.926 [restartedMain] INFO  c.s.b.BankingApplicationCrudApplication - No active profile set, falling back to 1 default profile: "default"
21:30:12.955 [restartedMain] INFO  o.s.b.d.e.DevToolsPropertyDefaultsPostProcessor - Devtools property defaults active! Set 'spring.devtools.add-properties' to 'false' to disable
21:30:12.955 [restartedMain] INFO  o.s.b.d.e.DevToolsPropertyDefaultsPostProcessor - For additional web related logging consider setting the 'logging.level.web' property to 'DEBUG'
21:30:13.520 [restartedMain] INFO  o.s.d.r.c.RepositoryConfigurationDelegate - Bootstrapping Spring Data JPA repositories in DEFAULT mode.
21:30:13.569 [restartedMain] INFO  o.s.d.r.c.RepositoryConfigurationDelegate - Finished Spring Data repository scanning in 39 ms. Found 1 JPA repository interfaces.
21:30:14.105 [restartedMain] INFO  o.s.b.w.e.tomcat.TomcatWebServer - Tomcat initialized with port(s): 9090 (http)
21:30:14.113 [restartedMain] INFO  o.a.coyote.http11.Http11NioProtocol - Initializing ProtocolHandler ["http-nio-9090"]
21:30:14.114 [restartedMain] INFO  o.a.catalina.core.StandardService - Starting service [Tomcat]
21:30:14.114 [restartedMain] INFO  o.a.catalina.core.StandardEngine - Starting Servlet engine: [Apache Tomcat/9.0.65]
21:30:14.168 [restartedMain] INFO  o.a.c.c.C.[Tomcat].[localhost].[/] - Initializing Spring embedded WebApplicationContext
21:30:14.168 [restartedMain] INFO  o.s.b.w.s.c.ServletWebServerApplicationContext - Root WebApplicationContext: initialization completed in 1213 ms
21:30:14.285 [restartedMain] INFO  o.h.jpa.internal.util.LogHelper - HHH000204: Processing PersistenceUnitInfo [name: default]
21:30:14.332 [restartedMain] INFO  org.hibernate.Version - HHH000412: Hibernate ORM core version 5.6.10.Final
21:30:14.446 [restartedMain] INFO  o.h.annotations.common.Version - HCANN000001: Hibernate Commons Annotations {5.1.2.Final}
21:30:14.522 [restartedMain] WARN  com.zaxxer.hikari.HikariConfig - HikariPool-1 - maxLifetime is less than 30000ms, setting to default 1800000ms.
21:30:14.524 [restartedMain] WARN  com.zaxxer.hikari.HikariConfig - HikariPool-1 - idleTimeout has been set but has no effect because the pool is operating as a fixed size pool.
21:30:14.524 [restartedMain] INFO  com.zaxxer.hikari.HikariDataSource - HikariPool-1 - Starting...
21:30:14.621 [restartedMain] INFO  com.zaxxer.hikari.HikariDataSource - HikariPool-1 - Start completed.
21:30:14.631 [restartedMain] INFO  org.hibernate.dialect.Dialect - HHH000400: Using dialect: org.hibernate.dialect.MySQL8Dialect
21:30:14.992 [restartedMain] INFO  o.h.e.t.j.p.i.JtaPlatformInitiator - HHH000490: Using JtaPlatform implementation: [org.hibernate.engine.transaction.jta.platform.internal.NoJtaPlatform]
21:30:14.997 [restartedMain] INFO  o.s.o.j.LocalContainerEntityManagerFactoryBean - Initialized JPA EntityManagerFactory for persistence unit 'default'
21:30:15.388 [restartedMain] WARN  o.s.b.a.o.j.JpaBaseConfiguration$JpaWebConfiguration - spring.jpa.open-in-view is enabled by default. Therefore, database queries may be performed during view rendering. Explicitly configure spring.jpa.open-in-view to disable this warning
21:30:15.604 [restartedMain] INFO  o.s.b.d.a.OptionalLiveReloadServer - LiveReload server is running on port 35729
21:30:15.902 [restartedMain] INFO  o.a.coyote.http11.Http11NioProtocol - Starting ProtocolHandler ["http-nio-9090"]
21:30:15.917 [restartedMain] INFO  o.s.b.w.e.tomcat.TomcatWebServer - Tomcat started on port(s): 9090 (http) with context path ''
21:30:16.159 [restartedMain] INFO  c.s.b.BankingApplicationCrudApplication - Started BankingApplicationCrudApplication in 3.537 seconds (JVM running for 3.849)
21:30:16.163 [restartedMain] INFO  c.s.b.startup.MyStartup - Application name: rest-api-tutorials just loaded!
21:30:16.163 [restartedMain] INFO  c.s.b.startup.MyStartup - EXECUTING : command line runner
21:30:16.164 [restartedMain] INFO  c.s.b.BankingApplicationCrudApplication - App started
21:36:14.576 [SpringApplicationShutdownHook] INFO  o.s.o.j.LocalContainerEntityManagerFactoryBean - Closing JPA EntityManagerFactory for persistence unit 'default'
21:36:14.577 [SpringApplicationShutdownHook] INFO  com.zaxxer.hikari.HikariDataSource - HikariPool-1 - Shutdown initiated...
21:36:14.581 [SpringApplicationShutdownHook] INFO  com.zaxxer.hikari.HikariDataSource - HikariPool-1 - Shutdown completed.
21:36:16.210 [background-preinit] INFO  o.h.validator.internal.util.Version - HV000001: Hibernate Validator 6.2.3.Final
21:36:16.216 [restartedMain] INFO  c.s.b.BankingApplicationCrudApplication - Starting BankingApplicationCrudApplication using Java 17.0.2 on DESKTOP-9JL74QH with PID 30008 (C:\Users\NORUL\Documents\IdeaProjects\banking-application-crud\target\classes started by NORUL in C:\Users\NORUL\Documents\IdeaProjects\banking-application-crud)
21:36:16.216 [restartedMain] INFO  c.s.b.BankingApplicationCrudApplication - No active profile set, falling back to 1 default profile: "default"
21:36:16.247 [restartedMain] INFO  o.s.b.d.e.DevToolsPropertyDefaultsPostProcessor - Devtools property defaults active! Set 'spring.devtools.add-properties' to 'false' to disable
21:36:16.247 [restartedMain] INFO  o.s.b.d.e.DevToolsPropertyDefaultsPostProcessor - For additional web related logging consider setting the 'logging.level.web' property to 'DEBUG'
21:36:16.807 [restartedMain] INFO  o.s.d.r.c.RepositoryConfigurationDelegate - Bootstrapping Spring Data JPA repositories in DEFAULT mode.
21:36:16.855 [restartedMain] INFO  o.s.d.r.c.RepositoryConfigurationDelegate - Finished Spring Data repository scanning in 39 ms. Found 1 JPA repository interfaces.
21:36:17.428 [restartedMain] INFO  o.s.b.w.e.tomcat.TomcatWebServer - Tomcat initialized with port(s): 9090 (http)
21:36:17.435 [restartedMain] INFO  o.a.coyote.http11.Http11NioProtocol - Initializing ProtocolHandler ["http-nio-9090"]
21:36:17.436 [restartedMain] INFO  o.a.catalina.core.StandardService - Starting service [Tomcat]
21:36:17.436 [restartedMain] INFO  o.a.catalina.core.StandardEngine - Starting Servlet engine: [Apache Tomcat/9.0.65]
21:36:17.491 [restartedMain] INFO  o.a.c.c.C.[Tomcat].[localhost].[/] - Initializing Spring embedded WebApplicationContext
21:36:17.491 [restartedMain] INFO  o.s.b.w.s.c.ServletWebServerApplicationContext - Root WebApplicationContext: initialization completed in 1244 ms
21:36:17.651 [restartedMain] INFO  o.h.jpa.internal.util.LogHelper - HHH000204: Processing PersistenceUnitInfo [name: default]
21:36:17.709 [restartedMain] INFO  org.hibernate.Version - HHH000412: Hibernate ORM core version 5.6.10.Final
21:36:17.873 [restartedMain] INFO  o.h.annotations.common.Version - HCANN000001: Hibernate Commons Annotations {5.1.2.Final}
21:36:17.959 [restartedMain] WARN  com.zaxxer.hikari.HikariConfig - HikariPool-1 - maxLifetime is less than 30000ms, setting to default 1800000ms.
21:36:17.961 [restartedMain] WARN  com.zaxxer.hikari.HikariConfig - HikariPool-1 - idleTimeout has been set but has no effect because the pool is operating as a fixed size pool.
21:36:17.961 [restartedMain] INFO  com.zaxxer.hikari.HikariDataSource - HikariPool-1 - Starting...
21:36:18.059 [restartedMain] INFO  com.zaxxer.hikari.HikariDataSource - HikariPool-1 - Start completed.
21:36:18.069 [restartedMain] INFO  org.hibernate.dialect.Dialect - HHH000400: Using dialect: org.hibernate.dialect.MySQL8Dialect
21:36:18.429 [restartedMain] INFO  o.h.e.t.j.p.i.JtaPlatformInitiator - HHH000490: Using JtaPlatform implementation: [org.hibernate.engine.transaction.jta.platform.internal.NoJtaPlatform]
21:36:18.434 [restartedMain] INFO  o.s.o.j.LocalContainerEntityManagerFactoryBean - Initialized JPA EntityManagerFactory for persistence unit 'default'
21:36:18.866 [restartedMain] WARN  o.s.b.a.o.j.JpaBaseConfiguration$JpaWebConfiguration - spring.jpa.open-in-view is enabled by default. Therefore, database queries may be performed during view rendering. Explicitly configure spring.jpa.open-in-view to disable this warning
21:36:19.091 [restartedMain] INFO  o.s.b.d.a.OptionalLiveReloadServer - LiveReload server is running on port 35729
21:36:19.387 [restartedMain] INFO  o.a.coyote.http11.Http11NioProtocol - Starting ProtocolHandler ["http-nio-9090"]
21:36:19.409 [restartedMain] INFO  o.s.b.w.e.tomcat.TomcatWebServer - Tomcat started on port(s): 9090 (http) with context path ''
21:36:19.690 [restartedMain] INFO  c.s.b.BankingApplicationCrudApplication - Started BankingApplicationCrudApplication in 3.812 seconds (JVM running for 4.124)
21:36:19.692 [restartedMain] INFO  c.s.b.startup.MyStartup - Application name: rest-api-tutorials just loaded!
21:36:19.693 [restartedMain] INFO  c.s.b.startup.MyStartup - EXECUTING : command line runner
21:36:19.694 [restartedMain] INFO  c.s.b.BankingApplicationCrudApplication - App started
21:36:45.049 [SpringApplicationShutdownHook] INFO  o.s.o.j.LocalContainerEntityManagerFactoryBean - Closing JPA EntityManagerFactory for persistence unit 'default'
21:36:45.051 [SpringApplicationShutdownHook] INFO  com.zaxxer.hikari.HikariDataSource - HikariPool-1 - Shutdown initiated...
21:36:45.057 [SpringApplicationShutdownHook] INFO  com.zaxxer.hikari.HikariDataSource - HikariPool-1 - Shutdown completed.
21:36:46.680 [background-preinit] INFO  o.h.validator.internal.util.Version - HV000001: Hibernate Validator 6.2.3.Final
21:36:46.687 [restartedMain] INFO  c.s.b.BankingApplicationCrudApplication - Starting BankingApplicationCrudApplication using Java 17.0.2 on DESKTOP-9JL74QH with PID 13088 (C:\Users\NORUL\Documents\IdeaProjects\banking-application-crud\target\classes started by NORUL in C:\Users\NORUL\Documents\IdeaProjects\banking-application-crud)
21:36:46.687 [restartedMain] INFO  c.s.b.BankingApplicationCrudApplication - No active profile set, falling back to 1 default profile: "default"
21:36:46.718 [restartedMain] INFO  o.s.b.d.e.DevToolsPropertyDefaultsPostProcessor - Devtools property defaults active! Set 'spring.devtools.add-properties' to 'false' to disable
21:36:46.718 [restartedMain] INFO  o.s.b.d.e.DevToolsPropertyDefaultsPostProcessor - For additional web related logging consider setting the 'logging.level.web' property to 'DEBUG'
21:36:47.299 [restartedMain] INFO  o.s.d.r.c.RepositoryConfigurationDelegate - Bootstrapping Spring Data JPA repositories in DEFAULT mode.
21:36:47.349 [restartedMain] INFO  o.s.d.r.c.RepositoryConfigurationDelegate - Finished Spring Data repository scanning in 40 ms. Found 1 JPA repository interfaces.
21:36:47.914 [restartedMain] INFO  o.s.b.w.e.tomcat.TomcatWebServer - Tomcat initialized with port(s): 9090 (http)
21:36:47.923 [restartedMain] INFO  o.a.coyote.http11.Http11NioProtocol - Initializing ProtocolHandler ["http-nio-9090"]
21:36:47.924 [restartedMain] INFO  o.a.catalina.core.StandardService - Starting service [Tomcat]
21:36:47.924 [restartedMain] INFO  o.a.catalina.core.StandardEngine - Starting Servlet engine: [Apache Tomcat/9.0.65]
21:36:47.983 [restartedMain] INFO  o.a.c.c.C.[Tomcat].[localhost].[/] - Initializing Spring embedded WebApplicationContext
21:36:47.983 [restartedMain] INFO  o.s.b.w.s.c.ServletWebServerApplicationContext - Root WebApplicationContext: initialization completed in 1265 ms
21:36:48.137 [restartedMain] INFO  o.h.jpa.internal.util.LogHelper - HHH000204: Processing PersistenceUnitInfo [name: default]
21:36:48.182 [restartedMain] INFO  org.hibernate.Version - HHH000412: Hibernate ORM core version 5.6.10.Final
21:36:48.325 [restartedMain] INFO  o.h.annotations.common.Version - HCANN000001: Hibernate Commons Annotations {5.1.2.Final}
21:36:48.412 [restartedMain] WARN  com.zaxxer.hikari.HikariConfig - HikariPool-1 - maxLifetime is less than 30000ms, setting to default 1800000ms.
21:36:48.413 [restartedMain] WARN  com.zaxxer.hikari.HikariConfig - HikariPool-1 - idleTimeout has been set but has no effect because the pool is operating as a fixed size pool.
21:36:48.413 [restartedMain] INFO  com.zaxxer.hikari.HikariDataSource - HikariPool-1 - Starting...
21:36:48.512 [restartedMain] INFO  com.zaxxer.hikari.HikariDataSource - HikariPool-1 - Start completed.
21:36:48.522 [restartedMain] INFO  org.hibernate.dialect.Dialect - HHH000400: Using dialect: org.hibernate.dialect.MySQL8Dialect
21:36:48.895 [restartedMain] INFO  o.h.e.t.j.p.i.JtaPlatformInitiator - HHH000490: Using JtaPlatform implementation: [org.hibernate.engine.transaction.jta.platform.internal.NoJtaPlatform]
21:36:48.900 [restartedMain] INFO  o.s.o.j.LocalContainerEntityManagerFactoryBean - Initialized JPA EntityManagerFactory for persistence unit 'default'
21:36:49.260 [restartedMain] WARN  o.s.b.a.o.j.JpaBaseConfiguration$JpaWebConfiguration - spring.jpa.open-in-view is enabled by default. Therefore, database queries may be performed during view rendering. Explicitly configure spring.jpa.open-in-view to disable this warning
21:36:49.468 [restartedMain] INFO  o.s.b.d.a.OptionalLiveReloadServer - LiveReload server is running on port 35729
21:36:49.753 [restartedMain] INFO  o.a.coyote.http11.Http11NioProtocol - Starting ProtocolHandler ["http-nio-9090"]
21:36:49.772 [restartedMain] INFO  o.s.b.w.e.tomcat.TomcatWebServer - Tomcat started on port(s): 9090 (http) with context path ''
21:36:50.024 [restartedMain] INFO  c.s.b.BankingApplicationCrudApplication - Started BankingApplicationCrudApplication in 3.665 seconds (JVM running for 3.994)
21:36:50.028 [restartedMain] INFO  c.s.b.startup.MyStartup - Application name: rest-api-tutorials just loaded!
21:36:50.028 [restartedMain] INFO  c.s.b.startup.MyStartup - EXECUTING : command line runner
21:36:50.028 [restartedMain] INFO  c.s.b.BankingApplicationCrudApplication - App started
21:37:01.641 [SpringApplicationShutdownHook] INFO  o.s.o.j.LocalContainerEntityManagerFactoryBean - Closing JPA EntityManagerFactory for persistence unit 'default'
21:37:01.643 [SpringApplicationShutdownHook] INFO  com.zaxxer.hikari.HikariDataSource - HikariPool-1 - Shutdown initiated...
21:37:01.648 [SpringApplicationShutdownHook] INFO  com.zaxxer.hikari.HikariDataSource - HikariPool-1 - Shutdown completed.
22-08-16 Tue 21:37:32.963 [background-preinit] INFO  o.h.validator.internal.util.Version - HV000001: Hibernate Validator 6.2.3.Final
22-08-16 Tue 21:37:32.966 [restartedMain] INFO  c.s.b.BankingApplicationCrudApplication - Starting BankingApplicationCrudApplication using Java 17.0.2 on DESKTOP-9JL74QH with PID 23348 (C:\Users\NORUL\Documents\IdeaProjects\banking-application-crud\target\classes started by NORUL in C:\Users\NORUL\Documents\IdeaProjects\banking-application-crud)
22-08-16 Tue 21:37:32.966 [restartedMain] INFO  c.s.b.BankingApplicationCrudApplication - No active profile set, falling back to 1 default profile: "default"
22-08-16 Tue 21:37:32.996 [restartedMain] INFO  o.s.b.d.e.DevToolsPropertyDefaultsPostProcessor - Devtools property defaults active! Set 'spring.devtools.add-properties' to 'false' to disable
22-08-16 Tue 21:37:32.996 [restartedMain] INFO  o.s.b.d.e.DevToolsPropertyDefaultsPostProcessor - For additional web related logging consider setting the 'logging.level.web' property to 'DEBUG'
22-08-16 Tue 21:37:33.540 [restartedMain] INFO  o.s.d.r.c.RepositoryConfigurationDelegate - Bootstrapping Spring Data JPA repositories in DEFAULT mode.
22-08-16 Tue 21:37:33.588 [restartedMain] INFO  o.s.d.r.c.RepositoryConfigurationDelegate - Finished Spring Data repository scanning in 41 ms. Found 1 JPA repository interfaces.
22-08-16 Tue 21:37:34.109 [restartedMain] INFO  o.s.b.w.e.tomcat.TomcatWebServer - Tomcat initialized with port(s): 9090 (http)
22-08-16 Tue 21:37:34.116 [restartedMain] INFO  o.a.coyote.http11.Http11NioProtocol - Initializing ProtocolHandler ["http-nio-9090"]
22-08-16 Tue 21:37:34.117 [restartedMain] INFO  o.a.catalina.core.StandardService - Starting service [Tomcat]
22-08-16 Tue 21:37:34.117 [restartedMain] INFO  o.a.catalina.core.StandardEngine - Starting Servlet engine: [Apache Tomcat/9.0.65]
22-08-16 Tue 21:37:34.172 [restartedMain] INFO  o.a.c.c.C.[Tomcat].[localhost].[/] - Initializing Spring embedded WebApplicationContext
22-08-16 Tue 21:37:34.172 [restartedMain] INFO  o.s.b.w.s.c.ServletWebServerApplicationContext - Root WebApplicationContext: initialization completed in 1175 ms
22-08-16 Tue 21:37:34.296 [restartedMain] INFO  o.h.jpa.internal.util.LogHelper - HHH000204: Processing PersistenceUnitInfo [name: default]
22-08-16 Tue 21:37:34.341 [restartedMain] INFO  org.hibernate.Version - HHH000412: Hibernate ORM core version 5.6.10.Final
22-08-16 Tue 21:37:34.473 [restartedMain] INFO  o.h.annotations.common.Version - HCANN000001: Hibernate Commons Annotations {5.1.2.Final}
22-08-16 Tue 21:37:34.554 [restartedMain] WARN  com.zaxxer.hikari.HikariConfig - HikariPool-1 - maxLifetime is less than 30000ms, setting to default 1800000ms.
22-08-16 Tue 21:37:34.555 [restartedMain] WARN  com.zaxxer.hikari.HikariConfig - HikariPool-1 - idleTimeout has been set but has no effect because the pool is operating as a fixed size pool.
22-08-16 Tue 21:37:34.555 [restartedMain] INFO  com.zaxxer.hikari.HikariDataSource - HikariPool-1 - Starting...
22-08-16 Tue 21:37:34.658 [restartedMain] INFO  com.zaxxer.hikari.HikariDataSource - HikariPool-1 - Start completed.
22-08-16 Tue 21:37:34.669 [restartedMain] INFO  org.hibernate.dialect.Dialect - HHH000400: Using dialect: org.hibernate.dialect.MySQL8Dialect
22-08-16 Tue 21:37:35.041 [restartedMain] INFO  o.h.e.t.j.p.i.JtaPlatformInitiator - HHH000490: Using JtaPlatform implementation: [org.hibernate.engine.transaction.jta.platform.internal.NoJtaPlatform]
22-08-16 Tue 21:37:35.046 [restartedMain] INFO  o.s.o.j.LocalContainerEntityManagerFactoryBean - Initialized JPA EntityManagerFactory for persistence unit 'default'
22-08-16 Tue 21:37:35.482 [restartedMain] WARN  o.s.b.a.o.j.JpaBaseConfiguration$JpaWebConfiguration - spring.jpa.open-in-view is enabled by default. Therefore, database queries may be performed during view rendering. Explicitly configure spring.jpa.open-in-view to disable this warning
22-08-16 Tue 21:37:35.690 [restartedMain] INFO  o.s.b.d.a.OptionalLiveReloadServer - LiveReload server is running on port 35729
22-08-16 Tue 21:37:35.963 [restartedMain] INFO  o.a.coyote.http11.Http11NioProtocol - Starting ProtocolHandler ["http-nio-9090"]
22-08-16 Tue 21:37:35.980 [restartedMain] INFO  o.s.b.w.e.tomcat.TomcatWebServer - Tomcat started on port(s): 9090 (http) with context path ''
22-08-16 Tue 21:37:36.201 [restartedMain] INFO  c.s.b.BankingApplicationCrudApplication - Started BankingApplicationCrudApplication in 3.527 seconds (JVM running for 3.826)
22-08-16 Tue 21:37:36.205 [restartedMain] INFO  c.s.b.startup.MyStartup - Application name: rest-api-tutorials just loaded!
22-08-16 Tue 21:37:36.205 [restartedMain] INFO  c.s.b.startup.MyStartup - EXECUTING : command line runner
22-08-16 Tue 21:37:36.206 [restartedMain] INFO  c.s.b.BankingApplicationCrudApplication - App started
22-08-16 Tue 21:43:23.073 [Thread-4] INFO  o.s.o.j.LocalContainerEntityManagerFactoryBean - Closing JPA EntityManagerFactory for persistence unit 'default'
22-08-16 Tue 21:43:23.075 [Thread-4] INFO  com.zaxxer.hikari.HikariDataSource - HikariPool-1 - Shutdown initiated...
22-08-16 Tue 21:43:23.079 [Thread-4] INFO  com.zaxxer.hikari.HikariDataSource - HikariPool-1 - Shutdown completed.
22-08-16 Tue 21:43:27.490 [restartedMain] INFO  c.s.b.BankingApplicationCrudApplication - Starting BankingApplicationCrudApplication using Java 17.0.2 on DESKTOP-9JL74QH with PID 23348 (C:\Users\NORUL\Documents\IdeaProjects\banking-application-crud\target\classes started by NORUL in C:\Users\NORUL\Documents\IdeaProjects\banking-application-crud)
22-08-16 Tue 21:43:27.490 [restartedMain] INFO  c.s.b.BankingApplicationCrudApplication - No active profile set, falling back to 1 default profile: "default"
22-08-16 Tue 21:43:27.666 [restartedMain] INFO  o.s.d.r.c.RepositoryConfigurationDelegate - Bootstrapping Spring Data JPA repositories in DEFAULT mode.
22-08-16 Tue 21:43:27.679 [restartedMain] INFO  o.s.d.r.c.RepositoryConfigurationDelegate - Finished Spring Data repository scanning in 13 ms. Found 1 JPA repository interfaces.
22-08-16 Tue 21:43:27.741 [restartedMain] INFO  o.s.b.w.e.tomcat.TomcatWebServer - Tomcat initialized with port(s): 9090 (http)
22-08-16 Tue 21:43:27.742 [restartedMain] INFO  o.a.coyote.http11.Http11NioProtocol - Initializing ProtocolHandler ["http-nio-9090"]
22-08-16 Tue 21:43:27.742 [restartedMain] INFO  o.a.catalina.core.StandardService - Starting service [Tomcat]
22-08-16 Tue 21:43:27.742 [restartedMain] INFO  o.a.catalina.core.StandardEngine - Starting Servlet engine: [Apache Tomcat/9.0.65]
22-08-16 Tue 21:43:27.767 [restartedMain] INFO  o.a.c.c.C.[Tomcat].[localhost].[/] - Initializing Spring embedded WebApplicationContext
22-08-16 Tue 21:43:27.767 [restartedMain] INFO  o.s.b.w.s.c.ServletWebServerApplicationContext - Root WebApplicationContext: initialization completed in 275 ms
22-08-16 Tue 21:43:27.790 [restartedMain] INFO  o.h.jpa.internal.util.LogHelper - HHH000204: Processing PersistenceUnitInfo [name: default]
22-08-16 Tue 21:43:27.793 [restartedMain] WARN  com.zaxxer.hikari.HikariConfig - HikariPool-2 - maxLifetime is less than 30000ms, setting to default 1800000ms.
22-08-16 Tue 21:43:27.793 [restartedMain] WARN  com.zaxxer.hikari.HikariConfig - HikariPool-2 - idleTimeout has been set but has no effect because the pool is operating as a fixed size pool.
22-08-16 Tue 21:43:27.793 [restartedMain] INFO  com.zaxxer.hikari.HikariDataSource - HikariPool-2 - Starting...
22-08-16 Tue 21:43:27.801 [restartedMain] INFO  com.zaxxer.hikari.HikariDataSource - HikariPool-2 - Start completed.
22-08-16 Tue 21:43:27.801 [restartedMain] INFO  org.hibernate.dialect.Dialect - HHH000400: Using dialect: org.hibernate.dialect.MySQL8Dialect
22-08-16 Tue 21:43:27.836 [restartedMain] INFO  o.h.e.t.j.p.i.JtaPlatformInitiator - HHH000490: Using JtaPlatform implementation: [org.hibernate.engine.transaction.jta.platform.internal.NoJtaPlatform]
22-08-16 Tue 21:43:27.837 [restartedMain] INFO  o.s.o.j.LocalContainerEntityManagerFactoryBean - Initialized JPA EntityManagerFactory for persistence unit 'default'
22-08-16 Tue 21:43:27.919 [restartedMain] WARN  o.s.b.a.o.j.JpaBaseConfiguration$JpaWebConfiguration - spring.jpa.open-in-view is enabled by default. Therefore, database queries may be performed during view rendering. Explicitly configure spring.jpa.open-in-view to disable this warning
22-08-16 Tue 21:43:27.963 [restartedMain] INFO  o.s.b.d.a.OptionalLiveReloadServer - LiveReload server is running on port 35729
22-08-16 Tue 21:43:28.085 [restartedMain] INFO  o.a.coyote.http11.Http11NioProtocol - Starting ProtocolHandler ["http-nio-9090"]
22-08-16 Tue 21:43:28.088 [restartedMain] INFO  o.s.b.w.e.tomcat.TomcatWebServer - Tomcat started on port(s): 9090 (http) with context path ''
22-08-16 Tue 21:43:28.153 [restartedMain] INFO  c.s.b.BankingApplicationCrudApplication - Started BankingApplicationCrudApplication in 5.011 seconds (JVM running for 355.778)
22-08-16 Tue 21:43:28.154 [restartedMain] INFO  c.s.b.startup.MyStartup - Application name: rest-api-tutorials just loaded!
22-08-16 Tue 21:43:28.154 [restartedMain] INFO  c.s.b.startup.MyStartup - EXECUTING : command line runner
22-08-16 Tue 21:43:28.155 [restartedMain] INFO  o.s.b.d.a.ConditionEvaluationDeltaLoggingListener - Condition evaluation unchanged
22-08-16 Tue 21:43:28.155 [restartedMain] INFO  c.s.b.BankingApplicationCrudApplication - App started
