22-08-17 Wed 20:02:55.304 [background-preinit] INFO  o.h.validator.internal.util.Version - HV000001: Hibernate Validator 6.2.3.Final
22-08-17 Wed 20:02:55.317 [restartedMain] INFO  c.s.b.BankingApplicationCrudApplication - Starting BankingApplicationCrudApplication using Java 17.0.2 on DESKTOP-9JL74QH with PID 12244 (C:\Users\NORUL\Documents\IdeaProjects\banking-application-crud\target\classes started by NORUL in C:\Users\NORUL\Documents\IdeaProjects\banking-application-crud)
22-08-17 Wed 20:02:55.319 [restartedMain] INFO  c.s.b.BankingApplicationCrudApplication - No active profile set, falling back to 1 default profile: "default"
22-08-17 Wed 20:02:55.393 [restartedMain] INFO  o.s.b.d.e.DevToolsPropertyDefaultsPostProcessor - Devtools property defaults active! Set 'spring.devtools.add-properties' to 'false' to disable
22-08-17 Wed 20:02:55.393 [restartedMain] INFO  o.s.b.d.e.DevToolsPropertyDefaultsPostProcessor - For additional web related logging consider setting the 'logging.level.web' property to 'DEBUG'
22-08-17 Wed 20:02:56.245 [restartedMain] INFO  o.s.d.r.c.RepositoryConfigurationDelegate - Bootstrapping Spring Data JPA repositories in DEFAULT mode.
22-08-17 Wed 20:02:56.292 [restartedMain] INFO  o.s.d.r.c.RepositoryConfigurationDelegate - Finished Spring Data repository scanning in 41 ms. Found 1 JPA repository interfaces.
22-08-17 Wed 20:02:56.898 [restartedMain] INFO  o.s.b.w.e.tomcat.TomcatWebServer - Tomcat initialized with port(s): 9090 (http)
22-08-17 Wed 20:02:56.905 [restartedMain] INFO  o.a.coyote.http11.Http11NioProtocol - Initializing ProtocolHandler ["http-nio-9090"]
22-08-17 Wed 20:02:56.905 [restartedMain] INFO  o.a.catalina.core.StandardService - Starting service [Tomcat]
22-08-17 Wed 20:02:56.906 [restartedMain] INFO  o.a.catalina.core.StandardEngine - Starting Servlet engine: [Apache Tomcat/9.0.65]
22-08-17 Wed 20:02:56.963 [restartedMain] INFO  o.a.c.c.C.[Tomcat].[localhost].[/] - Initializing Spring embedded WebApplicationContext
22-08-17 Wed 20:02:56.963 [restartedMain] INFO  o.s.b.w.s.c.ServletWebServerApplicationContext - Root WebApplicationContext: initialization completed in 1570 ms
22-08-17 Wed 20:02:57.150 [restartedMain] INFO  o.h.jpa.internal.util.LogHelper - HHH000204: Processing PersistenceUnitInfo [name: default]
22-08-17 Wed 20:02:57.213 [restartedMain] INFO  org.hibernate.Version - HHH000412: Hibernate ORM core version 5.6.10.Final
22-08-17 Wed 20:02:57.366 [restartedMain] INFO  o.h.annotations.common.Version - HCANN000001: Hibernate Commons Annotations {5.1.2.Final}
22-08-17 Wed 20:02:57.450 [restartedMain] WARN  com.zaxxer.hikari.HikariConfig - HikariPool-1 - maxLifetime is less than 30000ms, setting to default 1800000ms.
22-08-17 Wed 20:02:57.451 [restartedMain] WARN  com.zaxxer.hikari.HikariConfig - HikariPool-1 - idleTimeout has been set but has no effect because the pool is operating as a fixed size pool.
22-08-17 Wed 20:02:57.451 [restartedMain] INFO  com.zaxxer.hikari.HikariDataSource - HikariPool-1 - Starting...
22-08-17 Wed 20:02:57.585 [restartedMain] INFO  com.zaxxer.hikari.HikariDataSource - HikariPool-1 - Start completed.
22-08-17 Wed 20:02:57.599 [restartedMain] INFO  org.hibernate.dialect.Dialect - HHH000400: Using dialect: org.hibernate.dialect.MySQL8Dialect
22-08-17 Wed 20:02:58.008 [restartedMain] INFO  o.h.e.t.j.p.i.JtaPlatformInitiator - HHH000490: Using JtaPlatform implementation: [org.hibernate.engine.transaction.jta.platform.internal.NoJtaPlatform]
22-08-17 Wed 20:02:58.014 [restartedMain] INFO  o.s.o.j.LocalContainerEntityManagerFactoryBean - Initialized JPA EntityManagerFactory for persistence unit 'default'
22-08-17 Wed 20:02:58.398 [restartedMain] WARN  o.s.b.a.o.j.JpaBaseConfiguration$JpaWebConfiguration - spring.jpa.open-in-view is enabled by default. Therefore, database queries may be performed during view rendering. Explicitly configure spring.jpa.open-in-view to disable this warning
22-08-17 Wed 20:02:58.586 [restartedMain] INFO  o.s.b.d.a.OptionalLiveReloadServer - LiveReload server is running on port 35729
22-08-17 Wed 20:02:58.896 [restartedMain] INFO  o.a.coyote.http11.Http11NioProtocol - Starting ProtocolHandler ["http-nio-9090"]
22-08-17 Wed 20:02:58.924 [restartedMain] INFO  o.s.b.w.e.tomcat.TomcatWebServer - Tomcat started on port(s): 9090 (http) with context path ''
22-08-17 Wed 20:02:59.175 [restartedMain] INFO  c.s.b.BankingApplicationCrudApplication - Started BankingApplicationCrudApplication in 4.224 seconds (JVM running for 4.715)
22-08-17 Wed 20:02:59.177 [restartedMain] INFO  c.s.b.startup.MyStartup - Application name: rest-api-tutorials just loaded!
22-08-17 Wed 20:02:59.177 [restartedMain] INFO  c.s.b.startup.MyStartup - EXECUTING : command line runner
22-08-17 Wed 20:02:59.178 [restartedMain] INFO  c.s.b.BankingApplicationCrudApplication - App started
22-08-17 Wed 20:04:48.077 [Thread-4] INFO  o.s.o.j.LocalContainerEntityManagerFactoryBean - Closing JPA EntityManagerFactory for persistence unit 'default'
22-08-17 Wed 20:04:48.079 [Thread-4] INFO  com.zaxxer.hikari.HikariDataSource - HikariPool-1 - Shutdown initiated...
22-08-17 Wed 20:04:48.082 [Thread-4] INFO  com.zaxxer.hikari.HikariDataSource - HikariPool-1 - Shutdown completed.
22-08-17 Wed 20:04:48.177 [restartedMain] INFO  c.s.b.BankingApplicationCrudApplication - Starting BankingApplicationCrudApplication using Java 17.0.2 on DESKTOP-9JL74QH with PID 12244 (C:\Users\NORUL\Documents\IdeaProjects\banking-application-crud\target\classes started by NORUL in C:\Users\NORUL\Documents\IdeaProjects\banking-application-crud)
22-08-17 Wed 20:04:48.177 [restartedMain] INFO  c.s.b.BankingApplicationCrudApplication - No active profile set, falling back to 1 default profile: "default"
22-08-17 Wed 20:04:48.414 [restartedMain] INFO  o.s.d.r.c.RepositoryConfigurationDelegate - Bootstrapping Spring Data JPA repositories in DEFAULT mode.
22-08-17 Wed 20:04:48.427 [restartedMain] INFO  o.s.d.r.c.RepositoryConfigurationDelegate - Finished Spring Data repository scanning in 13 ms. Found 1 JPA repository interfaces.
22-08-17 Wed 20:04:48.507 [restartedMain] INFO  o.s.b.w.e.tomcat.TomcatWebServer - Tomcat initialized with port(s): 9090 (http)
22-08-17 Wed 20:04:48.507 [restartedMain] INFO  o.a.coyote.http11.Http11NioProtocol - Initializing ProtocolHandler ["http-nio-9090"]
22-08-17 Wed 20:04:48.507 [restartedMain] INFO  o.a.catalina.core.StandardService - Starting service [Tomcat]
22-08-17 Wed 20:04:48.508 [restartedMain] INFO  o.a.catalina.core.StandardEngine - Starting Servlet engine: [Apache Tomcat/9.0.65]
22-08-17 Wed 20:04:48.531 [restartedMain] INFO  o.a.c.c.C.[Tomcat].[localhost].[/] - Initializing Spring embedded WebApplicationContext
22-08-17 Wed 20:04:48.532 [restartedMain] INFO  o.s.b.w.s.c.ServletWebServerApplicationContext - Root WebApplicationContext: initialization completed in 354 ms
22-08-17 Wed 20:04:48.557 [restartedMain] INFO  o.h.jpa.internal.util.LogHelper - HHH000204: Processing PersistenceUnitInfo [name: default]
22-08-17 Wed 20:04:48.561 [restartedMain] WARN  com.zaxxer.hikari.HikariConfig - HikariPool-2 - maxLifetime is less than 30000ms, setting to default 1800000ms.
22-08-17 Wed 20:04:48.562 [restartedMain] WARN  com.zaxxer.hikari.HikariConfig - HikariPool-2 - idleTimeout has been set but has no effect because the pool is operating as a fixed size pool.
22-08-17 Wed 20:04:48.562 [restartedMain] INFO  com.zaxxer.hikari.HikariDataSource - HikariPool-2 - Starting...
22-08-17 Wed 20:04:48.569 [restartedMain] INFO  com.zaxxer.hikari.HikariDataSource - HikariPool-2 - Start completed.
22-08-17 Wed 20:04:48.570 [restartedMain] INFO  org.hibernate.dialect.Dialect - HHH000400: Using dialect: org.hibernate.dialect.MySQL8Dialect
22-08-17 Wed 20:04:48.607 [restartedMain] INFO  o.h.e.t.j.p.i.JtaPlatformInitiator - HHH000490: Using JtaPlatform implementation: [org.hibernate.engine.transaction.jta.platform.internal.NoJtaPlatform]
22-08-17 Wed 20:04:48.607 [restartedMain] INFO  o.s.o.j.LocalContainerEntityManagerFactoryBean - Initialized JPA EntityManagerFactory for persistence unit 'default'
22-08-17 Wed 20:04:48.710 [restartedMain] WARN  o.s.b.a.o.j.JpaBaseConfiguration$JpaWebConfiguration - spring.jpa.open-in-view is enabled by default. Therefore, database queries may be performed during view rendering. Explicitly configure spring.jpa.open-in-view to disable this warning
22-08-17 Wed 20:04:48.751 [restartedMain] INFO  o.s.b.d.a.OptionalLiveReloadServer - LiveReload server is running on port 35729
22-08-17 Wed 20:04:48.900 [restartedMain] INFO  o.a.coyote.http11.Http11NioProtocol - Starting ProtocolHandler ["http-nio-9090"]
22-08-17 Wed 20:04:48.902 [restartedMain] INFO  o.s.b.w.e.tomcat.TomcatWebServer - Tomcat started on port(s): 9090 (http) with context path ''
22-08-17 Wed 20:04:48.967 [restartedMain] INFO  c.s.b.BankingApplicationCrudApplication - Started BankingApplicationCrudApplication in 0.815 seconds (JVM running for 114.507)
22-08-17 Wed 20:04:48.968 [restartedMain] INFO  c.s.b.startup.MyStartup - Application name: rest-api-tutorials just loaded!
22-08-17 Wed 20:04:48.968 [restartedMain] INFO  c.s.b.startup.MyStartup - EXECUTING : command line runner
22-08-17 Wed 20:04:48.969 [restartedMain] INFO  o.s.b.d.a.ConditionEvaluationDeltaLoggingListener - Condition evaluation unchanged
22-08-17 Wed 20:04:48.969 [restartedMain] INFO  c.s.b.BankingApplicationCrudApplication - App started
22-08-17 Wed 20:05:12.815 [SpringApplicationShutdownHook] INFO  o.s.o.j.LocalContainerEntityManagerFactoryBean - Closing JPA EntityManagerFactory for persistence unit 'default'
22-08-17 Wed 20:05:12.816 [SpringApplicationShutdownHook] INFO  com.zaxxer.hikari.HikariDataSource - HikariPool-2 - Shutdown initiated...
22-08-17 Wed 20:05:12.816 [SpringApplicationShutdownHook] INFO  com.zaxxer.hikari.HikariDataSource - HikariPool-2 - Shutdown completed.
22-08-17 Wed 20:07:51.478 [restartedMain] INFO  c.s.b.BankingApplicationCrudApplication - Starting BankingApplicationCrudApplication using Java 17.0.2 on DESKTOP-9JL74QH with PID 21856 (C:\Users\NORUL\Documents\IdeaProjects\banking-application-crud\target\classes started by NORUL in C:\Users\NORUL\Documents\IdeaProjects\banking-application-crud)
22-08-17 Wed 20:07:51.478 [restartedMain] INFO  c.s.b.BankingApplicationCrudApplication - No active profile set, falling back to 1 default profile: "default"
22-08-17 Wed 20:07:51.633 [restartedMain] INFO  o.s.d.r.c.RepositoryConfigurationDelegate - Bootstrapping Spring Data JPA repositories in DEFAULT mode.
22-08-17 Wed 20:07:51.645 [restartedMain] INFO  o.s.d.r.c.RepositoryConfigurationDelegate - Finished Spring Data repository scanning in 11 ms. Found 1 JPA repository interfaces.
22-08-17 Wed 20:07:51.698 [restartedMain] INFO  o.s.b.w.e.tomcat.TomcatWebServer - Tomcat initialized with port(s): 9090 (http)
22-08-17 Wed 20:07:51.699 [restartedMain] INFO  o.a.catalina.core.StandardService - Starting service [Tomcat]
22-08-17 Wed 20:07:51.699 [restartedMain] INFO  o.a.catalina.core.StandardEngine - Starting Servlet engine: [Apache Tomcat/9.0.65]
22-08-17 Wed 20:07:51.715 [restartedMain] INFO  o.a.c.c.C.[Tomcat].[localhost].[/] - Initializing Spring embedded WebApplicationContext
22-08-17 Wed 20:07:51.716 [restartedMain] INFO  o.s.b.w.s.c.ServletWebServerApplicationContext - Root WebApplicationContext: initialization completed in 236 ms
22-08-17 Wed 20:07:51.732 [restartedMain] INFO  o.h.jpa.internal.util.LogHelper - HHH000204: Processing PersistenceUnitInfo [name: default]
22-08-17 Wed 20:07:51.736 [restartedMain] WARN  com.zaxxer.hikari.HikariConfig - HikariPool-3 - maxLifetime is less than 30000ms, setting to default 1800000ms.
22-08-17 Wed 20:07:51.736 [restartedMain] WARN  com.zaxxer.hikari.HikariConfig - HikariPool-3 - idleTimeout has been set but has no effect because the pool is operating as a fixed size pool.
22-08-17 Wed 20:07:51.736 [restartedMain] INFO  com.zaxxer.hikari.HikariDataSource - HikariPool-3 - Starting...
22-08-17 Wed 20:07:51.743 [restartedMain] INFO  com.zaxxer.hikari.HikariDataSource - HikariPool-3 - Start completed.
22-08-17 Wed 20:07:51.743 [restartedMain] INFO  org.hibernate.dialect.Dialect - HHH000400: Using dialect: org.hibernate.dialect.MySQL8Dialect
22-08-17 Wed 20:07:51.772 [restartedMain] INFO  o.h.e.t.j.p.i.JtaPlatformInitiator - HHH000490: Using JtaPlatform implementation: [org.hibernate.engine.transaction.jta.platform.internal.NoJtaPlatform]
22-08-17 Wed 20:07:51.773 [restartedMain] INFO  o.s.o.j.LocalContainerEntityManagerFactoryBean - Initialized JPA EntityManagerFactory for persistence unit 'default'
22-08-17 Wed 20:07:51.849 [restartedMain] WARN  o.s.b.a.o.j.JpaBaseConfiguration$JpaWebConfiguration - spring.jpa.open-in-view is enabled by default. Therefore, database queries may be performed during view rendering. Explicitly configure spring.jpa.open-in-view to disable this warning
22-08-17 Wed 20:07:51.891 [restartedMain] INFO  o.s.b.d.a.OptionalLiveReloadServer - LiveReload server is running on port 35729
22-08-17 Wed 20:07:52.013 [restartedMain] INFO  o.s.b.w.e.tomcat.TomcatWebServer - Tomcat started on port(s): 9090 (http) with context path ''
22-08-17 Wed 20:07:52.065 [restartedMain] INFO  c.s.b.BankingApplicationCrudApplication - Started BankingApplicationCrudApplication in 0.645 seconds (JVM running for 34.645)
22-08-17 Wed 20:07:52.066 [restartedMain] INFO  c.s.b.startup.MyStartup - Application name: rest-api-tutorials just loaded!
22-08-17 Wed 20:07:52.066 [restartedMain] INFO  c.s.b.startup.MyStartup - EXECUTING : command line runner
22-08-17 Wed 20:07:52.066 [restartedMain] INFO  o.s.b.d.a.ConditionEvaluationDeltaLoggingListener - Condition evaluation unchanged
22-08-17 Wed 20:07:52.067 [restartedMain] INFO  c.s.b.BankingApplicationCrudApplication - App started
22-08-17 Wed 20:07:56.473 [SpringApplicationShutdownHook] INFO  o.s.o.j.LocalContainerEntityManagerFactoryBean - Closing JPA EntityManagerFactory for persistence unit 'default'
22-08-17 Wed 20:07:56.474 [SpringApplicationShutdownHook] INFO  com.zaxxer.hikari.HikariDataSource - HikariPool-3 - Shutdown initiated...
22-08-17 Wed 20:07:56.475 [SpringApplicationShutdownHook] INFO  com.zaxxer.hikari.HikariDataSource - HikariPool-3 - Shutdown completed.
22-08-17 Wed 20:07:58.235 [background-preinit] INFO  o.h.validator.internal.util.Version - HV000001: Hibernate Validator 6.2.3.Final
22-08-17 Wed 20:07:58.244 [restartedMain] INFO  c.s.b.BankingApplicationCrudApplication - Starting BankingApplicationCrudApplication using Java 17.0.2 on DESKTOP-9JL74QH with PID 8896 (C:\Users\NORUL\Documents\IdeaProjects\banking-application-crud\target\classes started by NORUL in C:\Users\NORUL\Documents\IdeaProjects\banking-application-crud)
22-08-17 Wed 20:07:58.244 [restartedMain] INFO  c.s.b.BankingApplicationCrudApplication - No active profile set, falling back to 1 default profile: "default"
22-08-17 Wed 20:07:58.274 [restartedMain] INFO  o.s.b.d.e.DevToolsPropertyDefaultsPostProcessor - Devtools property defaults active! Set 'spring.devtools.add-properties' to 'false' to disable
22-08-17 Wed 20:07:58.274 [restartedMain] INFO  o.s.b.d.e.DevToolsPropertyDefaultsPostProcessor - For additional web related logging consider setting the 'logging.level.web' property to 'DEBUG'
22-08-17 Wed 20:07:58.846 [restartedMain] INFO  o.s.d.r.c.RepositoryConfigurationDelegate - Bootstrapping Spring Data JPA repositories in DEFAULT mode.
22-08-17 Wed 20:07:58.896 [restartedMain] INFO  o.s.d.r.c.RepositoryConfigurationDelegate - Finished Spring Data repository scanning in 43 ms. Found 1 JPA repository interfaces.
22-08-17 Wed 20:07:59.495 [restartedMain] INFO  o.s.b.w.e.tomcat.TomcatWebServer - Tomcat initialized with port(s): 9090 (http)
22-08-17 Wed 20:07:59.503 [restartedMain] INFO  o.a.coyote.http11.Http11NioProtocol - Initializing ProtocolHandler ["http-nio-9090"]
22-08-17 Wed 20:07:59.503 [restartedMain] INFO  o.a.catalina.core.StandardService - Starting service [Tomcat]
22-08-17 Wed 20:07:59.503 [restartedMain] INFO  o.a.catalina.core.StandardEngine - Starting Servlet engine: [Apache Tomcat/9.0.65]
22-08-17 Wed 20:07:59.562 [restartedMain] INFO  o.a.c.c.C.[Tomcat].[localhost].[/] - Initializing Spring embedded WebApplicationContext
22-08-17 Wed 20:07:59.562 [restartedMain] INFO  o.s.b.w.s.c.ServletWebServerApplicationContext - Root WebApplicationContext: initialization completed in 1287 ms
22-08-17 Wed 20:07:59.681 [restartedMain] INFO  o.h.jpa.internal.util.LogHelper - HHH000204: Processing PersistenceUnitInfo [name: default]
22-08-17 Wed 20:07:59.769 [restartedMain] INFO  org.hibernate.Version - HHH000412: Hibernate ORM core version 5.6.10.Final
22-08-17 Wed 20:07:59.905 [restartedMain] INFO  o.h.annotations.common.Version - HCANN000001: Hibernate Commons Annotations {5.1.2.Final}
22-08-17 Wed 20:07:59.992 [restartedMain] WARN  com.zaxxer.hikari.HikariConfig - HikariPool-1 - maxLifetime is less than 30000ms, setting to default 1800000ms.
22-08-17 Wed 20:07:59.993 [restartedMain] WARN  com.zaxxer.hikari.HikariConfig - HikariPool-1 - idleTimeout has been set but has no effect because the pool is operating as a fixed size pool.
22-08-17 Wed 20:07:59.993 [restartedMain] INFO  com.zaxxer.hikari.HikariDataSource - HikariPool-1 - Starting...
22-08-17 Wed 20:08:00.085 [restartedMain] INFO  com.zaxxer.hikari.HikariDataSource - HikariPool-1 - Start completed.
22-08-17 Wed 20:08:00.096 [restartedMain] INFO  org.hibernate.dialect.Dialect - HHH000400: Using dialect: org.hibernate.dialect.MySQL8Dialect
22-08-17 Wed 20:08:00.496 [restartedMain] INFO  o.h.e.t.j.p.i.JtaPlatformInitiator - HHH000490: Using JtaPlatform implementation: [org.hibernate.engine.transaction.jta.platform.internal.NoJtaPlatform]
22-08-17 Wed 20:08:00.502 [restartedMain] INFO  o.s.o.j.LocalContainerEntityManagerFactoryBean - Initialized JPA EntityManagerFactory for persistence unit 'default'
22-08-17 Wed 20:08:00.931 [restartedMain] WARN  o.s.b.a.o.j.JpaBaseConfiguration$JpaWebConfiguration - spring.jpa.open-in-view is enabled by default. Therefore, database queries may be performed during view rendering. Explicitly configure spring.jpa.open-in-view to disable this warning
22-08-17 Wed 20:08:01.124 [restartedMain] INFO  o.s.b.d.a.OptionalLiveReloadServer - LiveReload server is running on port 35729
22-08-17 Wed 20:08:01.384 [restartedMain] INFO  o.a.coyote.http11.Http11NioProtocol - Starting ProtocolHandler ["http-nio-9090"]
22-08-17 Wed 20:08:01.405 [restartedMain] INFO  o.s.b.w.e.tomcat.TomcatWebServer - Tomcat started on port(s): 9090 (http) with context path ''
22-08-17 Wed 20:08:01.643 [restartedMain] INFO  c.s.b.BankingApplicationCrudApplication - Started BankingApplicationCrudApplication in 3.72 seconds (JVM running for 4.074)
22-08-17 Wed 20:08:01.645 [restartedMain] INFO  c.s.b.startup.MyStartup - Application name: rest-api-tutorials just loaded!
22-08-17 Wed 20:08:01.645 [restartedMain] INFO  c.s.b.startup.MyStartup - EXECUTING : command line runner
22-08-17 Wed 20:08:01.645 [restartedMain] INFO  c.s.b.BankingApplicationCrudApplication - App started
22-08-17 Wed 20:13:55.887 [Thread-4] INFO  o.s.o.j.LocalContainerEntityManagerFactoryBean - Closing JPA EntityManagerFactory for persistence unit 'default'
22-08-17 Wed 20:13:55.889 [Thread-4] INFO  com.zaxxer.hikari.HikariDataSource - HikariPool-1 - Shutdown initiated...
22-08-17 Wed 20:13:55.893 [Thread-4] INFO  com.zaxxer.hikari.HikariDataSource - HikariPool-1 - Shutdown completed.
17-08-2022 Wed 20:13:55.973 [restartedMain] INFO  c.s.b.BankingApplicationCrudApplication - Starting BankingApplicationCrudApplication using Java 17.0.2 on DESKTOP-9JL74QH with PID 8896 (C:\Users\NORUL\Documents\IdeaProjects\banking-application-crud\target\classes started by NORUL in C:\Users\NORUL\Documents\IdeaProjects\banking-application-crud)
17-08-2022 Wed 20:13:55.973 [restartedMain] INFO  c.s.b.BankingApplicationCrudApplication - No active profile set, falling back to 1 default profile: "default"
17-08-2022 Wed 20:13:56.149 [restartedMain] INFO  o.s.d.r.c.RepositoryConfigurationDelegate - Bootstrapping Spring Data JPA repositories in DEFAULT mode.
17-08-2022 Wed 20:13:56.163 [restartedMain] INFO  o.s.d.r.c.RepositoryConfigurationDelegate - Finished Spring Data repository scanning in 13 ms. Found 1 JPA repository interfaces.
17-08-2022 Wed 20:13:56.224 [restartedMain] INFO  o.s.b.w.e.tomcat.TomcatWebServer - Tomcat initialized with port(s): 9090 (http)
17-08-2022 Wed 20:13:56.225 [restartedMain] INFO  o.a.coyote.http11.Http11NioProtocol - Initializing ProtocolHandler ["http-nio-9090"]
17-08-2022 Wed 20:13:56.225 [restartedMain] INFO  o.a.catalina.core.StandardService - Starting service [Tomcat]
17-08-2022 Wed 20:13:56.225 [restartedMain] INFO  o.a.catalina.core.StandardEngine - Starting Servlet engine: [Apache Tomcat/9.0.65]
17-08-2022 Wed 20:13:56.244 [restartedMain] INFO  o.a.c.c.C.[Tomcat].[localhost].[/] - Initializing Spring embedded WebApplicationContext
17-08-2022 Wed 20:13:56.244 [restartedMain] INFO  o.s.b.w.s.c.ServletWebServerApplicationContext - Root WebApplicationContext: initialization completed in 270 ms
17-08-2022 Wed 20:13:56.266 [restartedMain] INFO  o.h.jpa.internal.util.LogHelper - HHH000204: Processing PersistenceUnitInfo [name: default]
17-08-2022 Wed 20:13:56.270 [restartedMain] WARN  com.zaxxer.hikari.HikariConfig - HikariPool-2 - maxLifetime is less than 30000ms, setting to default 1800000ms.
17-08-2022 Wed 20:13:56.270 [restartedMain] WARN  com.zaxxer.hikari.HikariConfig - HikariPool-2 - idleTimeout has been set but has no effect because the pool is operating as a fixed size pool.
17-08-2022 Wed 20:13:56.270 [restartedMain] INFO  com.zaxxer.hikari.HikariDataSource - HikariPool-2 - Starting...
17-08-2022 Wed 20:13:56.277 [restartedMain] INFO  com.zaxxer.hikari.HikariDataSource - HikariPool-2 - Start completed.
17-08-2022 Wed 20:13:56.277 [restartedMain] INFO  org.hibernate.dialect.Dialect - HHH000400: Using dialect: org.hibernate.dialect.MySQL8Dialect
17-08-2022 Wed 20:13:56.311 [restartedMain] INFO  o.h.e.t.j.p.i.JtaPlatformInitiator - HHH000490: Using JtaPlatform implementation: [org.hibernate.engine.transaction.jta.platform.internal.NoJtaPlatform]
17-08-2022 Wed 20:13:56.311 [restartedMain] INFO  o.s.o.j.LocalContainerEntityManagerFactoryBean - Initialized JPA EntityManagerFactory for persistence unit 'default'
17-08-2022 Wed 20:13:56.410 [restartedMain] WARN  o.s.b.a.o.j.JpaBaseConfiguration$JpaWebConfiguration - spring.jpa.open-in-view is enabled by default. Therefore, database queries may be performed during view rendering. Explicitly configure spring.jpa.open-in-view to disable this warning
17-08-2022 Wed 20:13:56.455 [restartedMain] INFO  o.s.b.d.a.OptionalLiveReloadServer - LiveReload server is running on port 35729
17-08-2022 Wed 20:13:56.586 [restartedMain] INFO  o.a.coyote.http11.Http11NioProtocol - Starting ProtocolHandler ["http-nio-9090"]
17-08-2022 Wed 20:13:56.588 [restartedMain] INFO  o.s.b.w.e.tomcat.TomcatWebServer - Tomcat started on port(s): 9090 (http) with context path ''
17-08-2022 Wed 20:13:56.651 [restartedMain] INFO  c.s.b.BankingApplicationCrudApplication - Started BankingApplicationCrudApplication in 0.7 seconds (JVM running for 359.082)
17-08-2022 Wed 20:13:56.652 [restartedMain] INFO  c.s.b.startup.MyStartup - Application name: rest-api-tutorials just loaded!
17-08-2022 Wed 20:13:56.652 [restartedMain] INFO  c.s.b.startup.MyStartup - EXECUTING : command line runner
17-08-2022 Wed 20:13:56.653 [restartedMain] INFO  o.s.b.d.a.ConditionEvaluationDeltaLoggingListener - Condition evaluation unchanged
17-08-2022 Wed 20:13:56.653 [restartedMain] INFO  c.s.b.BankingApplicationCrudApplication - App started
17-08-2022 Wed 20:15:46.841 [Thread-7] INFO  o.s.o.j.LocalContainerEntityManagerFactoryBean - Closing JPA EntityManagerFactory for persistence unit 'default'
17-08-2022 Wed 20:15:46.842 [Thread-7] INFO  com.zaxxer.hikari.HikariDataSource - HikariPool-2 - Shutdown initiated...
17-08-2022 Wed 20:15:46.843 [Thread-7] INFO  com.zaxxer.hikari.HikariDataSource - HikariPool-2 - Shutdown completed.
17-08-2022 Wed 20:15:46.922 [restartedMain] INFO  c.s.b.BankingApplicationCrudApplication - Starting BankingApplicationCrudApplication using Java 17.0.2 on DESKTOP-9JL74QH with PID 8896 (C:\Users\NORUL\Documents\IdeaProjects\banking-application-crud\target\classes started by NORUL in C:\Users\NORUL\Documents\IdeaProjects\banking-application-crud)
17-08-2022 Wed 20:15:46.923 [restartedMain] INFO  c.s.b.BankingApplicationCrudApplication - No active profile set, falling back to 1 default profile: "default"
17-08-2022 Wed 20:15:47.074 [restartedMain] INFO  o.s.d.r.c.RepositoryConfigurationDelegate - Bootstrapping Spring Data JPA repositories in DEFAULT mode.
17-08-2022 Wed 20:15:47.086 [restartedMain] INFO  o.s.d.r.c.RepositoryConfigurationDelegate - Finished Spring Data repository scanning in 11 ms. Found 1 JPA repository interfaces.
17-08-2022 Wed 20:15:47.129 [restartedMain] INFO  o.s.b.w.e.tomcat.TomcatWebServer - Tomcat initialized with port(s): 9090 (http)
17-08-2022 Wed 20:15:47.129 [restartedMain] INFO  o.a.coyote.http11.Http11NioProtocol - Initializing ProtocolHandler ["http-nio-9090"]
17-08-2022 Wed 20:15:47.130 [restartedMain] INFO  o.a.catalina.core.StandardService - Starting service [Tomcat]
17-08-2022 Wed 20:15:47.130 [restartedMain] INFO  o.a.catalina.core.StandardEngine - Starting Servlet engine: [Apache Tomcat/9.0.65]
17-08-2022 Wed 20:15:47.146 [restartedMain] INFO  o.a.c.c.C.[Tomcat].[localhost].[/] - Initializing Spring embedded WebApplicationContext
17-08-2022 Wed 20:15:47.146 [restartedMain] INFO  o.s.b.w.s.c.ServletWebServerApplicationContext - Root WebApplicationContext: initialization completed in 222 ms
17-08-2022 Wed 20:15:47.161 [restartedMain] INFO  o.h.jpa.internal.util.LogHelper - HHH000204: Processing PersistenceUnitInfo [name: default]
17-08-2022 Wed 20:15:47.164 [restartedMain] WARN  com.zaxxer.hikari.HikariConfig - HikariPool-3 - maxLifetime is less than 30000ms, setting to default 1800000ms.
17-08-2022 Wed 20:15:47.164 [restartedMain] WARN  com.zaxxer.hikari.HikariConfig - HikariPool-3 - idleTimeout has been set but has no effect because the pool is operating as a fixed size pool.
17-08-2022 Wed 20:15:47.164 [restartedMain] INFO  com.zaxxer.hikari.HikariDataSource - HikariPool-3 - Starting...
17-08-2022 Wed 20:15:47.170 [restartedMain] INFO  com.zaxxer.hikari.HikariDataSource - HikariPool-3 - Start completed.
17-08-2022 Wed 20:15:47.170 [restartedMain] INFO  org.hibernate.dialect.Dialect - HHH000400: Using dialect: org.hibernate.dialect.MySQL8Dialect
17-08-2022 Wed 20:15:47.196 [restartedMain] INFO  o.h.e.t.j.p.i.JtaPlatformInitiator - HHH000490: Using JtaPlatform implementation: [org.hibernate.engine.transaction.jta.platform.internal.NoJtaPlatform]
17-08-2022 Wed 20:15:47.196 [restartedMain] INFO  o.s.o.j.LocalContainerEntityManagerFactoryBean - Initialized JPA EntityManagerFactory for persistence unit 'default'
17-08-2022 Wed 20:15:47.254 [restartedMain] WARN  o.s.b.a.o.j.JpaBaseConfiguration$JpaWebConfiguration - spring.jpa.open-in-view is enabled by default. Therefore, database queries may be performed during view rendering. Explicitly configure spring.jpa.open-in-view to disable this warning
17-08-2022 Wed 20:15:47.286 [restartedMain] INFO  o.s.b.d.a.OptionalLiveReloadServer - LiveReload server is running on port 35729
17-08-2022 Wed 20:15:47.421 [restartedMain] INFO  o.a.coyote.http11.Http11NioProtocol - Starting ProtocolHandler ["http-nio-9090"]
17-08-2022 Wed 20:15:47.423 [restartedMain] INFO  o.s.b.w.e.tomcat.TomcatWebServer - Tomcat started on port(s): 9090 (http) with context path ''
17-08-2022 Wed 20:15:47.476 [restartedMain] INFO  c.s.b.BankingApplicationCrudApplication - Started BankingApplicationCrudApplication in 0.572 seconds (JVM running for 469.906)
17-08-2022 Wed 20:15:47.476 [restartedMain] INFO  c.s.b.startup.MyStartup - Application name: rest-api-tutorials just loaded!
17-08-2022 Wed 20:15:47.476 [restartedMain] INFO  c.s.b.startup.MyStartup - EXECUTING : command line runner
17-08-2022 Wed 20:15:47.477 [restartedMain] INFO  o.s.b.d.a.ConditionEvaluationDeltaLoggingListener - Condition evaluation unchanged
17-08-2022 Wed 20:15:47.477 [restartedMain] INFO  c.s.b.BankingApplicationCrudApplication - App started
17-08-2022 Wed 20:16:05.299 [Thread-11] INFO  o.s.o.j.LocalContainerEntityManagerFactoryBean - Closing JPA EntityManagerFactory for persistence unit 'default'
17-08-2022 Wed 20:16:05.299 [Thread-11] INFO  com.zaxxer.hikari.HikariDataSource - HikariPool-3 - Shutdown initiated...
17-08-2022 Wed 20:16:05.301 [Thread-11] INFO  com.zaxxer.hikari.HikariDataSource - HikariPool-3 - Shutdown completed.
17-08-2022 Wed 20:16:05.387 [restartedMain] ERROR o.s.boot.SpringApplication - Application run failed
java.lang.IllegalStateException: java.lang.IllegalStateException: Logback configuration error detected: 
ERROR in ch.qos.logback.core.pattern.parser.Compiler@2d93ba4c - There is no conversion class registered for composite conversion word [purple]
ERROR in ch.qos.logback.core.pattern.parser.Compiler@2d93ba4c - Failed to create converter for [%purple] keyword
	at org.springframework.boot.context.logging.LoggingApplicationListener.initializeSystem(LoggingApplicationListener.java:328)
	at org.springframework.boot.context.logging.LoggingApplicationListener.initialize(LoggingApplicationListener.java:282)
	at org.springframework.boot.context.logging.LoggingApplicationListener.onApplicationEnvironmentPreparedEvent(LoggingApplicationListener.java:240)
	at org.springframework.boot.context.logging.LoggingApplicationListener.onApplicationEvent(LoggingApplicationListener.java:216)
	at org.springframework.context.event.SimpleApplicationEventMulticaster.doInvokeListener(SimpleApplicationEventMulticaster.java:176)
	at org.springframework.context.event.SimpleApplicationEventMulticaster.invokeListener(SimpleApplicationEventMulticaster.java:169)
	at org.springframework.context.event.SimpleApplicationEventMulticaster.multicastEvent(SimpleApplicationEventMulticaster.java:143)
	at org.springframework.context.event.SimpleApplicationEventMulticaster.multicastEvent(SimpleApplicationEventMulticaster.java:131)
	at org.springframework.boot.context.event.EventPublishingRunListener.environmentPrepared(EventPublishingRunListener.java:85)
	at org.springframework.boot.SpringApplicationRunListeners.lambda$environmentPrepared$2(SpringApplicationRunListeners.java:66)
	at java.base/java.util.ArrayList.forEach(ArrayList.java:1511)
	at org.springframework.boot.SpringApplicationRunListeners.doWithListeners(SpringApplicationRunListeners.java:120)
	at org.springframework.boot.SpringApplicationRunListeners.doWithListeners(SpringApplicationRunListeners.java:114)
	at org.springframework.boot.SpringApplicationRunListeners.environmentPrepared(SpringApplicationRunListeners.java:65)
	at org.springframework.boot.SpringApplication.prepareEnvironment(SpringApplication.java:344)
	at org.springframework.boot.SpringApplication.run(SpringApplication.java:302)
	at org.springframework.boot.SpringApplication.run(SpringApplication.java:1306)
	at org.springframework.boot.SpringApplication.run(SpringApplication.java:1295)
	at com.shah.bankingapplicationcrud.BankingApplicationCrudApplication.main(BankingApplicationCrudApplication.java:13)
	at java.base/jdk.internal.reflect.NativeMethodAccessorImpl.invoke0(Native Method)
	at java.base/jdk.internal.reflect.NativeMethodAccessorImpl.invoke(NativeMethodAccessorImpl.java:77)
	at java.base/jdk.internal.reflect.DelegatingMethodAccessorImpl.invoke(DelegatingMethodAccessorImpl.java:43)
	at java.base/java.lang.reflect.Method.invoke(Method.java:568)
	at org.springframework.boot.devtools.restart.RestartLauncher.run(RestartLauncher.java:49)
Caused by: java.lang.IllegalStateException: Logback configuration error detected: 
ERROR in ch.qos.logback.core.pattern.parser.Compiler@2d93ba4c - There is no conversion class registered for composite conversion word [purple]
ERROR in ch.qos.logback.core.pattern.parser.Compiler@2d93ba4c - Failed to create converter for [%purple] keyword
	at org.springframework.boot.logging.logback.LogbackLoggingSystem.loadConfiguration(LogbackLoggingSystem.java:179)
	at org.springframework.boot.logging.AbstractLoggingSystem.initializeWithConventions(AbstractLoggingSystem.java:80)
	at org.springframework.boot.logging.AbstractLoggingSystem.initialize(AbstractLoggingSystem.java:60)
	at org.springframework.boot.logging.logback.LogbackLoggingSystem.initialize(LogbackLoggingSystem.java:132)
	at org.springframework.boot.context.logging.LoggingApplicationListener.initializeSystem(LoggingApplicationListener.java:313)
	... 23 common frames omitted
17-08-2022 Wed 20:16:15.064 [restartedMain] INFO  c.s.b.BankingApplicationCrudApplication - Starting BankingApplicationCrudApplication using Java 17.0.2 on DESKTOP-9JL74QH with PID 8896 (C:\Users\NORUL\Documents\IdeaProjects\banking-application-crud\target\classes started by NORUL in C:\Users\NORUL\Documents\IdeaProjects\banking-application-crud)
17-08-2022 Wed 20:16:15.064 [restartedMain] INFO  c.s.b.BankingApplicationCrudApplication - No active profile set, falling back to 1 default profile: "default"
17-08-2022 Wed 20:16:15.206 [restartedMain] INFO  o.s.d.r.c.RepositoryConfigurationDelegate - Bootstrapping Spring Data JPA repositories in DEFAULT mode.
17-08-2022 Wed 20:16:15.218 [restartedMain] INFO  o.s.d.r.c.RepositoryConfigurationDelegate - Finished Spring Data repository scanning in 12 ms. Found 1 JPA repository interfaces.
17-08-2022 Wed 20:16:15.256 [restartedMain] INFO  o.s.b.w.e.tomcat.TomcatWebServer - Tomcat initialized with port(s): 9090 (http)
17-08-2022 Wed 20:16:15.256 [restartedMain] INFO  o.a.coyote.http11.Http11NioProtocol - Initializing ProtocolHandler ["http-nio-9090"]
17-08-2022 Wed 20:16:15.256 [restartedMain] INFO  o.a.catalina.core.StandardService - Starting service [Tomcat]
17-08-2022 Wed 20:16:15.257 [restartedMain] INFO  o.a.catalina.core.StandardEngine - Starting Servlet engine: [Apache Tomcat/9.0.65]
17-08-2022 Wed 20:16:15.271 [restartedMain] INFO  o.a.c.c.C.[Tomcat].[localhost].[/] - Initializing Spring embedded WebApplicationContext
17-08-2022 Wed 20:16:15.272 [restartedMain] INFO  o.s.b.w.s.c.ServletWebServerApplicationContext - Root WebApplicationContext: initialization completed in 207 ms
17-08-2022 Wed 20:16:15.285 [restartedMain] INFO  o.h.jpa.internal.util.LogHelper - HHH000204: Processing PersistenceUnitInfo [name: default]
17-08-2022 Wed 20:16:15.288 [restartedMain] WARN  com.zaxxer.hikari.HikariConfig - HikariPool-4 - maxLifetime is less than 30000ms, setting to default 1800000ms.
17-08-2022 Wed 20:16:15.288 [restartedMain] WARN  com.zaxxer.hikari.HikariConfig - HikariPool-4 - idleTimeout has been set but has no effect because the pool is operating as a fixed size pool.
17-08-2022 Wed 20:16:15.288 [restartedMain] INFO  com.zaxxer.hikari.HikariDataSource - HikariPool-4 - Starting...
17-08-2022 Wed 20:16:15.294 [restartedMain] INFO  com.zaxxer.hikari.HikariDataSource - HikariPool-4 - Start completed.
17-08-2022 Wed 20:16:15.294 [restartedMain] INFO  org.hibernate.dialect.Dialect - HHH000400: Using dialect: org.hibernate.dialect.MySQL8Dialect
17-08-2022 Wed 20:16:15.319 [restartedMain] INFO  o.h.e.t.j.p.i.JtaPlatformInitiator - HHH000490: Using JtaPlatform implementation: [org.hibernate.engine.transaction.jta.platform.internal.NoJtaPlatform]
17-08-2022 Wed 20:16:15.319 [restartedMain] INFO  o.s.o.j.LocalContainerEntityManagerFactoryBean - Initialized JPA EntityManagerFactory for persistence unit 'default'
17-08-2022 Wed 20:16:15.381 [restartedMain] WARN  o.s.b.a.o.j.JpaBaseConfiguration$JpaWebConfiguration - spring.jpa.open-in-view is enabled by default. Therefore, database queries may be performed during view rendering. Explicitly configure spring.jpa.open-in-view to disable this warning
17-08-2022 Wed 20:16:15.407 [restartedMain] INFO  o.s.b.d.a.OptionalLiveReloadServer - LiveReload server is running on port 35729
17-08-2022 Wed 20:16:15.508 [restartedMain] INFO  o.a.coyote.http11.Http11NioProtocol - Starting ProtocolHandler ["http-nio-9090"]
17-08-2022 Wed 20:16:15.510 [restartedMain] INFO  o.s.b.w.e.tomcat.TomcatWebServer - Tomcat started on port(s): 9090 (http) with context path ''
17-08-2022 Wed 20:16:15.558 [restartedMain] INFO  c.s.b.BankingApplicationCrudApplication - Started BankingApplicationCrudApplication in 0.51 seconds (JVM running for 497.989)
17-08-2022 Wed 20:16:15.559 [restartedMain] INFO  c.s.b.startup.MyStartup - Application name: rest-api-tutorials just loaded!
17-08-2022 Wed 20:16:15.559 [restartedMain] INFO  c.s.b.startup.MyStartup - EXECUTING : command line runner
17-08-2022 Wed 20:16:15.559 [restartedMain] INFO  o.s.b.d.a.ConditionEvaluationDeltaLoggingListener - Condition evaluation unchanged
17-08-2022 Wed 20:16:15.559 [restartedMain] INFO  c.s.b.BankingApplicationCrudApplication - App started
17-08-2022 Wed 20:16:34.427 [Thread-15] INFO  o.s.o.j.LocalContainerEntityManagerFactoryBean - Closing JPA EntityManagerFactory for persistence unit 'default'
17-08-2022 Wed 20:16:34.427 [Thread-15] INFO  com.zaxxer.hikari.HikariDataSource - HikariPool-4 - Shutdown initiated...
17-08-2022 Wed 20:16:34.429 [Thread-15] INFO  com.zaxxer.hikari.HikariDataSource - HikariPool-4 - Shutdown completed.
17-08-2022 Wed 20:16:34.482 [restartedMain] INFO  c.s.b.BankingApplicationCrudApplication - Starting BankingApplicationCrudApplication using Java 17.0.2 on DESKTOP-9JL74QH with PID 8896 (C:\Users\NORUL\Documents\IdeaProjects\banking-application-crud\target\classes started by NORUL in C:\Users\NORUL\Documents\IdeaProjects\banking-application-crud)
17-08-2022 Wed 20:16:34.483 [restartedMain] INFO  c.s.b.BankingApplicationCrudApplication - No active profile set, falling back to 1 default profile: "default"
17-08-2022 Wed 20:16:34.631 [restartedMain] INFO  o.s.d.r.c.RepositoryConfigurationDelegate - Bootstrapping Spring Data JPA repositories in DEFAULT mode.
17-08-2022 Wed 20:16:34.643 [restartedMain] INFO  o.s.d.r.c.RepositoryConfigurationDelegate - Finished Spring Data repository scanning in 12 ms. Found 1 JPA repository interfaces.
17-08-2022 Wed 20:16:34.686 [restartedMain] INFO  o.s.b.w.e.tomcat.TomcatWebServer - Tomcat initialized with port(s): 9090 (http)
17-08-2022 Wed 20:16:34.687 [restartedMain] INFO  o.a.coyote.http11.Http11NioProtocol - Initializing ProtocolHandler ["http-nio-9090"]
17-08-2022 Wed 20:16:34.687 [restartedMain] INFO  o.a.catalina.core.StandardService - Starting service [Tomcat]
17-08-2022 Wed 20:16:34.687 [restartedMain] INFO  o.a.catalina.core.StandardEngine - Starting Servlet engine: [Apache Tomcat/9.0.65]
17-08-2022 Wed 20:16:34.701 [restartedMain] INFO  o.a.c.c.C.[Tomcat].[localhost].[/] - Initializing Spring embedded WebApplicationContext
17-08-2022 Wed 20:16:34.702 [restartedMain] INFO  o.s.b.w.s.c.ServletWebServerApplicationContext - Root WebApplicationContext: initialization completed in 217 ms
17-08-2022 Wed 20:16:34.716 [restartedMain] INFO  o.h.jpa.internal.util.LogHelper - HHH000204: Processing PersistenceUnitInfo [name: default]
17-08-2022 Wed 20:16:34.719 [restartedMain] WARN  com.zaxxer.hikari.HikariConfig - HikariPool-5 - maxLifetime is less than 30000ms, setting to default 1800000ms.
17-08-2022 Wed 20:16:34.719 [restartedMain] WARN  com.zaxxer.hikari.HikariConfig - HikariPool-5 - idleTimeout has been set but has no effect because the pool is operating as a fixed size pool.
17-08-2022 Wed 20:16:34.719 [restartedMain] INFO  com.zaxxer.hikari.HikariDataSource - HikariPool-5 - Starting...
17-08-2022 Wed 20:16:34.725 [restartedMain] INFO  com.zaxxer.hikari.HikariDataSource - HikariPool-5 - Start completed.
17-08-2022 Wed 20:16:34.725 [restartedMain] INFO  org.hibernate.dialect.Dialect - HHH000400: Using dialect: org.hibernate.dialect.MySQL8Dialect
17-08-2022 Wed 20:16:34.747 [restartedMain] INFO  o.h.e.t.j.p.i.JtaPlatformInitiator - HHH000490: Using JtaPlatform implementation: [org.hibernate.engine.transaction.jta.platform.internal.NoJtaPlatform]
17-08-2022 Wed 20:16:34.748 [restartedMain] INFO  o.s.o.j.LocalContainerEntityManagerFactoryBean - Initialized JPA EntityManagerFactory for persistence unit 'default'
17-08-2022 Wed 20:16:34.797 [restartedMain] WARN  o.s.b.a.o.j.JpaBaseConfiguration$JpaWebConfiguration - spring.jpa.open-in-view is enabled by default. Therefore, database queries may be performed during view rendering. Explicitly configure spring.jpa.open-in-view to disable this warning
17-08-2022 Wed 20:16:34.820 [restartedMain] INFO  o.s.b.d.a.OptionalLiveReloadServer - LiveReload server is running on port 35729
17-08-2022 Wed 20:16:34.925 [restartedMain] INFO  o.a.coyote.http11.Http11NioProtocol - Starting ProtocolHandler ["http-nio-9090"]
17-08-2022 Wed 20:16:34.927 [restartedMain] INFO  o.s.b.w.e.tomcat.TomcatWebServer - Tomcat started on port(s): 9090 (http) with context path ''
17-08-2022 Wed 20:16:34.965 [restartedMain] INFO  c.s.b.BankingApplicationCrudApplication - Started BankingApplicationCrudApplication in 0.498 seconds (JVM running for 517.396)
17-08-2022 Wed 20:16:34.966 [restartedMain] INFO  c.s.b.startup.MyStartup - Application name: rest-api-tutorials just loaded!
17-08-2022 Wed 20:16:34.966 [restartedMain] INFO  c.s.b.startup.MyStartup - EXECUTING : command line runner
17-08-2022 Wed 20:16:34.966 [restartedMain] INFO  o.s.b.d.a.ConditionEvaluationDeltaLoggingListener - Condition evaluation unchanged
17-08-2022 Wed 20:16:34.966 [restartedMain] INFO  c.s.b.BankingApplicationCrudApplication - App started
17-08-2022 Wed 20:18:09.853 [Thread-21] INFO  o.s.o.j.LocalContainerEntityManagerFactoryBean - Closing JPA EntityManagerFactory for persistence unit 'default'
17-08-2022 Wed 20:18:09.853 [Thread-21] INFO  com.zaxxer.hikari.HikariDataSource - HikariPool-5 - Shutdown initiated...
17-08-2022 Wed 20:18:09.855 [Thread-21] INFO  com.zaxxer.hikari.HikariDataSource - HikariPool-5 - Shutdown completed.
17-08-2022 Wed 20:18:09.909 [restartedMain] INFO  c.s.b.BankingApplicationCrudApplication - Starting BankingApplicationCrudApplication using Java 17.0.2 on DESKTOP-9JL74QH with PID 8896 (C:\Users\NORUL\Documents\IdeaProjects\banking-application-crud\target\classes started by NORUL in C:\Users\NORUL\Documents\IdeaProjects\banking-application-crud)
17-08-2022 Wed 20:18:09.909 [restartedMain] INFO  c.s.b.BankingApplicationCrudApplication - No active profile set, falling back to 1 default profile: "default"
17-08-2022 Wed 20:18:10.039 [restartedMain] INFO  o.s.d.r.c.RepositoryConfigurationDelegate - Bootstrapping Spring Data JPA repositories in DEFAULT mode.
17-08-2022 Wed 20:18:10.049 [restartedMain] INFO  o.s.d.r.c.RepositoryConfigurationDelegate - Finished Spring Data repository scanning in 9 ms. Found 1 JPA repository interfaces.
17-08-2022 Wed 20:18:10.092 [restartedMain] INFO  o.s.b.w.e.tomcat.TomcatWebServer - Tomcat initialized with port(s): 9090 (http)
17-08-2022 Wed 20:18:10.093 [restartedMain] INFO  o.a.coyote.http11.Http11NioProtocol - Initializing ProtocolHandler ["http-nio-9090"]
17-08-2022 Wed 20:18:10.093 [restartedMain] INFO  o.a.catalina.core.StandardService - Starting service [Tomcat]
17-08-2022 Wed 20:18:10.093 [restartedMain] INFO  o.a.catalina.core.StandardEngine - Starting Servlet engine: [Apache Tomcat/9.0.65]
17-08-2022 Wed 20:18:10.108 [restartedMain] INFO  o.a.c.c.C.[Tomcat].[localhost].[/] - Initializing Spring embedded WebApplicationContext
17-08-2022 Wed 20:18:10.108 [restartedMain] INFO  o.s.b.w.s.c.ServletWebServerApplicationContext - Root WebApplicationContext: initialization completed in 198 ms
17-08-2022 Wed 20:18:10.123 [restartedMain] INFO  o.h.jpa.internal.util.LogHelper - HHH000204: Processing PersistenceUnitInfo [name: default]
17-08-2022 Wed 20:18:10.126 [restartedMain] WARN  com.zaxxer.hikari.HikariConfig - HikariPool-6 - maxLifetime is less than 30000ms, setting to default 1800000ms.
17-08-2022 Wed 20:18:10.126 [restartedMain] WARN  com.zaxxer.hikari.HikariConfig - HikariPool-6 - idleTimeout has been set but has no effect because the pool is operating as a fixed size pool.
17-08-2022 Wed 20:18:10.126 [restartedMain] INFO  com.zaxxer.hikari.HikariDataSource - HikariPool-6 - Starting...
17-08-2022 Wed 20:18:10.130 [restartedMain] INFO  com.zaxxer.hikari.HikariDataSource - HikariPool-6 - Start completed.
17-08-2022 Wed 20:18:10.131 [restartedMain] INFO  org.hibernate.dialect.Dialect - HHH000400: Using dialect: org.hibernate.dialect.MySQL8Dialect
17-08-2022 Wed 20:18:10.153 [restartedMain] INFO  o.h.e.t.j.p.i.JtaPlatformInitiator - HHH000490: Using JtaPlatform implementation: [org.hibernate.engine.transaction.jta.platform.internal.NoJtaPlatform]
17-08-2022 Wed 20:18:10.153 [restartedMain] INFO  o.s.o.j.LocalContainerEntityManagerFactoryBean - Initialized JPA EntityManagerFactory for persistence unit 'default'
17-08-2022 Wed 20:18:10.205 [restartedMain] WARN  o.s.b.a.o.j.JpaBaseConfiguration$JpaWebConfiguration - spring.jpa.open-in-view is enabled by default. Therefore, database queries may be performed during view rendering. Explicitly configure spring.jpa.open-in-view to disable this warning
17-08-2022 Wed 20:18:10.228 [restartedMain] INFO  o.s.b.d.a.OptionalLiveReloadServer - LiveReload server is running on port 35729
17-08-2022 Wed 20:18:10.323 [restartedMain] INFO  o.a.coyote.http11.Http11NioProtocol - Starting ProtocolHandler ["http-nio-9090"]
17-08-2022 Wed 20:18:10.325 [restartedMain] INFO  o.s.b.w.e.tomcat.TomcatWebServer - Tomcat started on port(s): 9090 (http) with context path ''
17-08-2022 Wed 20:18:10.360 [restartedMain] INFO  c.s.b.BankingApplicationCrudApplication - Started BankingApplicationCrudApplication in 0.467 seconds (JVM running for 612.791)
17-08-2022 Wed 20:18:10.361 [restartedMain] INFO  c.s.b.startup.MyStartup - Application name: rest-api-tutorials just loaded!
17-08-2022 Wed 20:18:10.361 [restartedMain] INFO  c.s.b.startup.MyStartup - EXECUTING : command line runner
17-08-2022 Wed 20:18:10.361 [restartedMain] INFO  o.s.b.d.a.ConditionEvaluationDeltaLoggingListener - Condition evaluation unchanged
17-08-2022 Wed 20:18:10.361 [restartedMain] INFO  c.s.b.BankingApplicationCrudApplication - App started
17-08-2022 Wed 20:18:54.898 [Thread-25] INFO  o.s.o.j.LocalContainerEntityManagerFactoryBean - Closing JPA EntityManagerFactory for persistence unit 'default'
17-08-2022 Wed 20:18:54.899 [Thread-25] INFO  com.zaxxer.hikari.HikariDataSource - HikariPool-6 - Shutdown initiated...
17-08-2022 Wed 20:18:54.900 [Thread-25] INFO  com.zaxxer.hikari.HikariDataSource - HikariPool-6 - Shutdown completed.
17-08-2022 Wed 20:18:54.954 [restartedMain] INFO  c.s.b.BankingApplicationCrudApplication - Starting BankingApplicationCrudApplication using Java 17.0.2 on DESKTOP-9JL74QH with PID 8896 (C:\Users\NORUL\Documents\IdeaProjects\banking-application-crud\target\classes started by NORUL in C:\Users\NORUL\Documents\IdeaProjects\banking-application-crud)
17-08-2022 Wed 20:18:54.954 [restartedMain] INFO  c.s.b.BankingApplicationCrudApplication - No active profile set, falling back to 1 default profile: "default"
17-08-2022 Wed 20:18:55.081 [restartedMain] INFO  o.s.d.r.c.RepositoryConfigurationDelegate - Bootstrapping Spring Data JPA repositories in DEFAULT mode.
17-08-2022 Wed 20:18:55.091 [restartedMain] INFO  o.s.d.r.c.RepositoryConfigurationDelegate - Finished Spring Data repository scanning in 9 ms. Found 1 JPA repository interfaces.
17-08-2022 Wed 20:18:55.128 [restartedMain] INFO  o.s.b.w.e.tomcat.TomcatWebServer - Tomcat initialized with port(s): 9090 (http)
17-08-2022 Wed 20:18:55.129 [restartedMain] INFO  o.a.coyote.http11.Http11NioProtocol - Initializing ProtocolHandler ["http-nio-9090"]
17-08-2022 Wed 20:18:55.129 [restartedMain] INFO  o.a.catalina.core.StandardService - Starting service [Tomcat]
17-08-2022 Wed 20:18:55.129 [restartedMain] INFO  o.a.catalina.core.StandardEngine - Starting Servlet engine: [Apache Tomcat/9.0.65]
17-08-2022 Wed 20:18:55.144 [restartedMain] INFO  o.a.c.c.C.[Tomcat].[localhost].[/] - Initializing Spring embedded WebApplicationContext
17-08-2022 Wed 20:18:55.144 [restartedMain] INFO  o.s.b.w.s.c.ServletWebServerApplicationContext - Root WebApplicationContext: initialization completed in 189 ms
17-08-2022 Wed 20:18:55.157 [restartedMain] INFO  o.h.jpa.internal.util.LogHelper - HHH000204: Processing PersistenceUnitInfo [name: default]
17-08-2022 Wed 20:18:55.160 [restartedMain] WARN  com.zaxxer.hikari.HikariConfig - HikariPool-7 - maxLifetime is less than 30000ms, setting to default 1800000ms.
17-08-2022 Wed 20:18:55.160 [restartedMain] WARN  com.zaxxer.hikari.HikariConfig - HikariPool-7 - idleTimeout has been set but has no effect because the pool is operating as a fixed size pool.
17-08-2022 Wed 20:18:55.160 [restartedMain] INFO  com.zaxxer.hikari.HikariDataSource - HikariPool-7 - Starting...
17-08-2022 Wed 20:18:55.165 [restartedMain] INFO  com.zaxxer.hikari.HikariDataSource - HikariPool-7 - Start completed.
17-08-2022 Wed 20:18:55.165 [restartedMain] INFO  org.hibernate.dialect.Dialect - HHH000400: Using dialect: org.hibernate.dialect.MySQL8Dialect
17-08-2022 Wed 20:18:55.186 [restartedMain] INFO  o.h.e.t.j.p.i.JtaPlatformInitiator - HHH000490: Using JtaPlatform implementation: [org.hibernate.engine.transaction.jta.platform.internal.NoJtaPlatform]
17-08-2022 Wed 20:18:55.186 [restartedMain] INFO  o.s.o.j.LocalContainerEntityManagerFactoryBean - Initialized JPA EntityManagerFactory for persistence unit 'default'
17-08-2022 Wed 20:18:55.235 [restartedMain] WARN  o.s.b.a.o.j.JpaBaseConfiguration$JpaWebConfiguration - spring.jpa.open-in-view is enabled by default. Therefore, database queries may be performed during view rendering. Explicitly configure spring.jpa.open-in-view to disable this warning
17-08-2022 Wed 20:18:55.257 [restartedMain] INFO  o.s.b.d.a.OptionalLiveReloadServer - LiveReload server is running on port 35729
17-08-2022 Wed 20:18:55.354 [restartedMain] INFO  o.a.coyote.http11.Http11NioProtocol - Starting ProtocolHandler ["http-nio-9090"]
17-08-2022 Wed 20:18:55.356 [restartedMain] INFO  o.s.b.w.e.tomcat.TomcatWebServer - Tomcat started on port(s): 9090 (http) with context path ''
17-08-2022 Wed 20:18:55.389 [restartedMain] INFO  c.s.b.BankingApplicationCrudApplication - Started BankingApplicationCrudApplication in 0.452 seconds (JVM running for 657.82)
17-08-2022 Wed 20:18:55.390 [restartedMain] INFO  c.s.b.startup.MyStartup - Application name: rest-api-tutorials just loaded!
17-08-2022 Wed 20:18:55.390 [restartedMain] INFO  c.s.b.startup.MyStartup - EXECUTING : command line runner
17-08-2022 Wed 20:18:55.390 [restartedMain] INFO  o.s.b.d.a.ConditionEvaluationDeltaLoggingListener - Condition evaluation unchanged
17-08-2022 Wed 20:18:55.390 [restartedMain] INFO  c.s.b.BankingApplicationCrudApplication - App started
17-08-2022 Wed 20:19:54.323 [Thread-29] INFO  o.s.o.j.LocalContainerEntityManagerFactoryBean - Closing JPA EntityManagerFactory for persistence unit 'default'
17-08-2022 Wed 20:19:54.324 [Thread-29] INFO  com.zaxxer.hikari.HikariDataSource - HikariPool-7 - Shutdown initiated...
17-08-2022 Wed 20:19:54.325 [Thread-29] INFO  com.zaxxer.hikari.HikariDataSource - HikariPool-7 - Shutdown completed.
17-08-2022 Wed 20:19:54.379 [restartedMain] ERROR o.s.boot.SpringApplication - Application run failed
java.lang.IllegalStateException: java.lang.IllegalStateException: Logback configuration error detected: 
ERROR in ch.qos.logback.core.pattern.parser.Compiler@48478868 - There is no conversion class registered for composite conversion word [faint]
ERROR in ch.qos.logback.core.pattern.parser.Compiler@48478868 - Failed to create converter for [%faint] keyword
	at org.springframework.boot.context.logging.LoggingApplicationListener.initializeSystem(LoggingApplicationListener.java:328)
	at org.springframework.boot.context.logging.LoggingApplicationListener.initialize(LoggingApplicationListener.java:282)
	at org.springframework.boot.context.logging.LoggingApplicationListener.onApplicationEnvironmentPreparedEvent(LoggingApplicationListener.java:240)
	at org.springframework.boot.context.logging.LoggingApplicationListener.onApplicationEvent(LoggingApplicationListener.java:216)
	at org.springframework.context.event.SimpleApplicationEventMulticaster.doInvokeListener(SimpleApplicationEventMulticaster.java:176)
	at org.springframework.context.event.SimpleApplicationEventMulticaster.invokeListener(SimpleApplicationEventMulticaster.java:169)
	at org.springframework.context.event.SimpleApplicationEventMulticaster.multicastEvent(SimpleApplicationEventMulticaster.java:143)
	at org.springframework.context.event.SimpleApplicationEventMulticaster.multicastEvent(SimpleApplicationEventMulticaster.java:131)
	at org.springframework.boot.context.event.EventPublishingRunListener.environmentPrepared(EventPublishingRunListener.java:85)
	at org.springframework.boot.SpringApplicationRunListeners.lambda$environmentPrepared$2(SpringApplicationRunListeners.java:66)
	at java.base/java.util.ArrayList.forEach(ArrayList.java:1511)
	at org.springframework.boot.SpringApplicationRunListeners.doWithListeners(SpringApplicationRunListeners.java:120)
	at org.springframework.boot.SpringApplicationRunListeners.doWithListeners(SpringApplicationRunListeners.java:114)
	at org.springframework.boot.SpringApplicationRunListeners.environmentPrepared(SpringApplicationRunListeners.java:65)
	at org.springframework.boot.SpringApplication.prepareEnvironment(SpringApplication.java:344)
	at org.springframework.boot.SpringApplication.run(SpringApplication.java:302)
	at org.springframework.boot.SpringApplication.run(SpringApplication.java:1306)
	at org.springframework.boot.SpringApplication.run(SpringApplication.java:1295)
	at com.shah.bankingapplicationcrud.BankingApplicationCrudApplication.main(BankingApplicationCrudApplication.java:13)
	at java.base/jdk.internal.reflect.NativeMethodAccessorImpl.invoke0(Native Method)
	at java.base/jdk.internal.reflect.NativeMethodAccessorImpl.invoke(NativeMethodAccessorImpl.java:77)
	at java.base/jdk.internal.reflect.DelegatingMethodAccessorImpl.invoke(DelegatingMethodAccessorImpl.java:43)
	at java.base/java.lang.reflect.Method.invoke(Method.java:568)
	at org.springframework.boot.devtools.restart.RestartLauncher.run(RestartLauncher.java:49)
Caused by: java.lang.IllegalStateException: Logback configuration error detected: 
ERROR in ch.qos.logback.core.pattern.parser.Compiler@48478868 - There is no conversion class registered for composite conversion word [faint]
ERROR in ch.qos.logback.core.pattern.parser.Compiler@48478868 - Failed to create converter for [%faint] keyword
	at org.springframework.boot.logging.logback.LogbackLoggingSystem.loadConfiguration(LogbackLoggingSystem.java:179)
	at org.springframework.boot.logging.AbstractLoggingSystem.initializeWithConventions(AbstractLoggingSystem.java:80)
	at org.springframework.boot.logging.AbstractLoggingSystem.initialize(AbstractLoggingSystem.java:60)
	at org.springframework.boot.logging.logback.LogbackLoggingSystem.initialize(LogbackLoggingSystem.java:132)
	at org.springframework.boot.context.logging.LoggingApplicationListener.initializeSystem(LoggingApplicationListener.java:313)
	... 23 common frames omitted
17-08-2022 Wed 20:20:25.661 [restartedMain] INFO  c.s.b.BankingApplicationCrudApplication - Starting BankingApplicationCrudApplication using Java 17.0.2 on DESKTOP-9JL74QH with PID 8896 (C:\Users\NORUL\Documents\IdeaProjects\banking-application-crud\target\classes started by NORUL in C:\Users\NORUL\Documents\IdeaProjects\banking-application-crud)
17-08-2022 Wed 20:20:25.662 [restartedMain] INFO  c.s.b.BankingApplicationCrudApplication - No active profile set, falling back to 1 default profile: "default"
17-08-2022 Wed 20:20:25.788 [restartedMain] INFO  o.s.d.r.c.RepositoryConfigurationDelegate - Bootstrapping Spring Data JPA repositories in DEFAULT mode.
17-08-2022 Wed 20:20:25.798 [restartedMain] INFO  o.s.d.r.c.RepositoryConfigurationDelegate - Finished Spring Data repository scanning in 9 ms. Found 1 JPA repository interfaces.
17-08-2022 Wed 20:20:25.830 [restartedMain] INFO  o.s.b.w.e.tomcat.TomcatWebServer - Tomcat initialized with port(s): 9090 (http)
17-08-2022 Wed 20:20:25.830 [restartedMain] INFO  o.a.coyote.http11.Http11NioProtocol - Initializing ProtocolHandler ["http-nio-9090"]
17-08-2022 Wed 20:20:25.830 [restartedMain] INFO  o.a.catalina.core.StandardService - Starting service [Tomcat]
17-08-2022 Wed 20:20:25.830 [restartedMain] INFO  o.a.catalina.core.StandardEngine - Starting Servlet engine: [Apache Tomcat/9.0.65]
17-08-2022 Wed 20:20:25.843 [restartedMain] INFO  o.a.c.c.C.[Tomcat].[localhost].[/] - Initializing Spring embedded WebApplicationContext
17-08-2022 Wed 20:20:25.843 [restartedMain] INFO  o.s.b.w.s.c.ServletWebServerApplicationContext - Root WebApplicationContext: initialization completed in 181 ms
17-08-2022 Wed 20:20:25.856 [restartedMain] INFO  o.h.jpa.internal.util.LogHelper - HHH000204: Processing PersistenceUnitInfo [name: default]
17-08-2022 Wed 20:20:25.859 [restartedMain] WARN  com.zaxxer.hikari.HikariConfig - HikariPool-8 - maxLifetime is less than 30000ms, setting to default 1800000ms.
17-08-2022 Wed 20:20:25.859 [restartedMain] WARN  com.zaxxer.hikari.HikariConfig - HikariPool-8 - idleTimeout has been set but has no effect because the pool is operating as a fixed size pool.
17-08-2022 Wed 20:20:25.859 [restartedMain] INFO  com.zaxxer.hikari.HikariDataSource - HikariPool-8 - Starting...
17-08-2022 Wed 20:20:25.865 [restartedMain] INFO  com.zaxxer.hikari.HikariDataSource - HikariPool-8 - Start completed.
17-08-2022 Wed 20:20:25.865 [restartedMain] INFO  org.hibernate.dialect.Dialect - HHH000400: Using dialect: org.hibernate.dialect.MySQL8Dialect
17-08-2022 Wed 20:20:25.885 [restartedMain] INFO  o.h.e.t.j.p.i.JtaPlatformInitiator - HHH000490: Using JtaPlatform implementation: [org.hibernate.engine.transaction.jta.platform.internal.NoJtaPlatform]
17-08-2022 Wed 20:20:25.885 [restartedMain] INFO  o.s.o.j.LocalContainerEntityManagerFactoryBean - Initialized JPA EntityManagerFactory for persistence unit 'default'
17-08-2022 Wed 20:20:25.933 [restartedMain] WARN  o.s.b.a.o.j.JpaBaseConfiguration$JpaWebConfiguration - spring.jpa.open-in-view is enabled by default. Therefore, database queries may be performed during view rendering. Explicitly configure spring.jpa.open-in-view to disable this warning
17-08-2022 Wed 20:20:25.953 [restartedMain] INFO  o.s.b.d.a.OptionalLiveReloadServer - LiveReload server is running on port 35729
17-08-2022 Wed 20:20:26.043 [restartedMain] INFO  o.a.coyote.http11.Http11NioProtocol - Starting ProtocolHandler ["http-nio-9090"]
17-08-2022 Wed 20:20:26.045 [restartedMain] INFO  o.s.b.w.e.tomcat.TomcatWebServer - Tomcat started on port(s): 9090 (http) with context path ''
17-08-2022 Wed 20:20:26.074 [restartedMain] INFO  c.s.b.BankingApplicationCrudApplication - Started BankingApplicationCrudApplication in 0.427 seconds (JVM running for 748.505)
17-08-2022 Wed 20:20:26.075 [restartedMain] INFO  c.s.b.startup.MyStartup - Application name: rest-api-tutorials just loaded!
17-08-2022 Wed 20:20:26.075 [restartedMain] INFO  c.s.b.startup.MyStartup - EXECUTING : command line runner
17-08-2022 Wed 20:20:26.075 [restartedMain] INFO  o.s.b.d.a.ConditionEvaluationDeltaLoggingListener - Condition evaluation unchanged
17-08-2022 Wed 20:20:26.075 [restartedMain] INFO  c.s.b.BankingApplicationCrudApplication - App started
17-08-2022 Wed 20:20:33.825 [SpringApplicationShutdownHook] INFO  o.s.o.j.LocalContainerEntityManagerFactoryBean - Closing JPA EntityManagerFactory for persistence unit 'default'
17-08-2022 Wed 20:20:33.825 [SpringApplicationShutdownHook] INFO  com.zaxxer.hikari.HikariDataSource - HikariPool-8 - Shutdown initiated...
17-08-2022 Wed 20:20:33.827 [SpringApplicationShutdownHook] INFO  com.zaxxer.hikari.HikariDataSource - HikariPool-8 - Shutdown completed.
17-08-2022 Wed 20:20:35.503 [background-preinit] INFO  o.h.validator.internal.util.Version - HV000001: Hibernate Validator 6.2.3.Final
17-08-2022 Wed 20:20:35.508 [restartedMain] INFO  c.s.b.BankingApplicationCrudApplication - Starting BankingApplicationCrudApplication using Java 17.0.2 on DESKTOP-9JL74QH with PID 10496 (C:\Users\NORUL\Documents\IdeaProjects\banking-application-crud\target\classes started by NORUL in C:\Users\NORUL\Documents\IdeaProjects\banking-application-crud)
17-08-2022 Wed 20:20:35.508 [restartedMain] INFO  c.s.b.BankingApplicationCrudApplication - No active profile set, falling back to 1 default profile: "default"
17-08-2022 Wed 20:20:35.541 [restartedMain] INFO  o.s.b.d.e.DevToolsPropertyDefaultsPostProcessor - Devtools property defaults active! Set 'spring.devtools.add-properties' to 'false' to disable
17-08-2022 Wed 20:20:35.541 [restartedMain] INFO  o.s.b.d.e.DevToolsPropertyDefaultsPostProcessor - For additional web related logging consider setting the 'logging.level.web' property to 'DEBUG'
17-08-2022 Wed 20:20:36.125 [restartedMain] INFO  o.s.d.r.c.RepositoryConfigurationDelegate - Bootstrapping Spring Data JPA repositories in DEFAULT mode.
17-08-2022 Wed 20:20:36.175 [restartedMain] INFO  o.s.d.r.c.RepositoryConfigurationDelegate - Finished Spring Data repository scanning in 43 ms. Found 1 JPA repository interfaces.
17-08-2022 Wed 20:20:36.722 [restartedMain] INFO  o.s.b.w.e.tomcat.TomcatWebServer - Tomcat initialized with port(s): 9090 (http)
17-08-2022 Wed 20:20:36.730 [restartedMain] INFO  o.a.coyote.http11.Http11NioProtocol - Initializing ProtocolHandler ["http-nio-9090"]
17-08-2022 Wed 20:20:36.731 [restartedMain] INFO  o.a.catalina.core.StandardService - Starting service [Tomcat]
17-08-2022 Wed 20:20:36.731 [restartedMain] INFO  o.a.catalina.core.StandardEngine - Starting Servlet engine: [Apache Tomcat/9.0.65]
17-08-2022 Wed 20:20:36.788 [restartedMain] INFO  o.a.c.c.C.[Tomcat].[localhost].[/] - Initializing Spring embedded WebApplicationContext
17-08-2022 Wed 20:20:36.788 [restartedMain] INFO  o.s.b.w.s.c.ServletWebServerApplicationContext - Root WebApplicationContext: initialization completed in 1247 ms
17-08-2022 Wed 20:20:36.903 [restartedMain] INFO  o.h.jpa.internal.util.LogHelper - HHH000204: Processing PersistenceUnitInfo [name: default]
17-08-2022 Wed 20:20:36.944 [restartedMain] INFO  org.hibernate.Version - HHH000412: Hibernate ORM core version 5.6.10.Final
17-08-2022 Wed 20:20:37.078 [restartedMain] INFO  o.h.annotations.common.Version - HCANN000001: Hibernate Commons Annotations {5.1.2.Final}
17-08-2022 Wed 20:20:37.161 [restartedMain] WARN  com.zaxxer.hikari.HikariConfig - HikariPool-1 - maxLifetime is less than 30000ms, setting to default 1800000ms.
17-08-2022 Wed 20:20:37.162 [restartedMain] WARN  com.zaxxer.hikari.HikariConfig - HikariPool-1 - idleTimeout has been set but has no effect because the pool is operating as a fixed size pool.
17-08-2022 Wed 20:20:37.162 [restartedMain] INFO  com.zaxxer.hikari.HikariDataSource - HikariPool-1 - Starting...
17-08-2022 Wed 20:20:37.259 [restartedMain] INFO  com.zaxxer.hikari.HikariDataSource - HikariPool-1 - Start completed.
17-08-2022 Wed 20:20:37.269 [restartedMain] INFO  org.hibernate.dialect.Dialect - HHH000400: Using dialect: org.hibernate.dialect.MySQL8Dialect
17-08-2022 Wed 20:20:37.632 [restartedMain] INFO  o.h.e.t.j.p.i.JtaPlatformInitiator - HHH000490: Using JtaPlatform implementation: [org.hibernate.engine.transaction.jta.platform.internal.NoJtaPlatform]
17-08-2022 Wed 20:20:37.636 [restartedMain] INFO  o.s.o.j.LocalContainerEntityManagerFactoryBean - Initialized JPA EntityManagerFactory for persistence unit 'default'
17-08-2022 Wed 20:20:38.020 [restartedMain] WARN  o.s.b.a.o.j.JpaBaseConfiguration$JpaWebConfiguration - spring.jpa.open-in-view is enabled by default. Therefore, database queries may be performed during view rendering. Explicitly configure spring.jpa.open-in-view to disable this warning
17-08-2022 Wed 20:20:38.223 [restartedMain] INFO  o.s.b.d.a.OptionalLiveReloadServer - LiveReload server is running on port 35729
17-08-2022 Wed 20:20:38.519 [restartedMain] INFO  o.a.coyote.http11.Http11NioProtocol - Starting ProtocolHandler ["http-nio-9090"]
17-08-2022 Wed 20:20:38.539 [restartedMain] INFO  o.s.b.w.e.tomcat.TomcatWebServer - Tomcat started on port(s): 9090 (http) with context path ''
17-08-2022 Wed 20:20:38.753 [restartedMain] INFO  c.s.b.BankingApplicationCrudApplication - Started BankingApplicationCrudApplication in 3.584 seconds (JVM running for 3.897)
17-08-2022 Wed 20:20:38.755 [restartedMain] INFO  c.s.b.startup.MyStartup - Application name: rest-api-tutorials just loaded!
17-08-2022 Wed 20:20:38.755 [restartedMain] INFO  c.s.b.startup.MyStartup - EXECUTING : command line runner
17-08-2022 Wed 20:20:38.755 [restartedMain] INFO  c.s.b.BankingApplicationCrudApplication - App started
17-08-2022 Wed 20:21:21.055 [Thread-4] INFO  o.s.o.j.LocalContainerEntityManagerFactoryBean - Closing JPA EntityManagerFactory for persistence unit 'default'
17-08-2022 Wed 20:21:21.057 [Thread-4] INFO  com.zaxxer.hikari.HikariDataSource - HikariPool-1 - Shutdown initiated...
17-08-2022 Wed 20:21:21.062 [Thread-4] INFO  com.zaxxer.hikari.HikariDataSource - HikariPool-1 - Shutdown completed.
17-08-2022 Wed 20:21:21.146 [restartedMain] INFO  c.s.b.BankingApplicationCrudApplication - Starting BankingApplicationCrudApplication using Java 17.0.2 on DESKTOP-9JL74QH with PID 10496 (C:\Users\NORUL\Documents\IdeaProjects\banking-application-crud\target\classes started by NORUL in C:\Users\NORUL\Documents\IdeaProjects\banking-application-crud)
17-08-2022 Wed 20:21:21.146 [restartedMain] INFO  c.s.b.BankingApplicationCrudApplication - No active profile set, falling back to 1 default profile: "default"
17-08-2022 Wed 20:21:21.319 [restartedMain] INFO  o.s.d.r.c.RepositoryConfigurationDelegate - Bootstrapping Spring Data JPA repositories in DEFAULT mode.
17-08-2022 Wed 20:21:21.333 [restartedMain] INFO  o.s.d.r.c.RepositoryConfigurationDelegate - Finished Spring Data repository scanning in 13 ms. Found 1 JPA repository interfaces.
17-08-2022 Wed 20:21:21.395 [restartedMain] INFO  o.s.b.w.e.tomcat.TomcatWebServer - Tomcat initialized with port(s): 9090 (http)
17-08-2022 Wed 20:21:21.396 [restartedMain] INFO  o.a.coyote.http11.Http11NioProtocol - Initializing ProtocolHandler ["http-nio-9090"]
17-08-2022 Wed 20:21:21.396 [restartedMain] INFO  o.a.catalina.core.StandardService - Starting service [Tomcat]
17-08-2022 Wed 20:21:21.396 [restartedMain] INFO  o.a.catalina.core.StandardEngine - Starting Servlet engine: [Apache Tomcat/9.0.65]
17-08-2022 Wed 20:21:21.417 [restartedMain] INFO  o.a.c.c.C.[Tomcat].[localhost].[/] - Initializing Spring embedded WebApplicationContext
17-08-2022 Wed 20:21:21.417 [restartedMain] INFO  o.s.b.w.s.c.ServletWebServerApplicationContext - Root WebApplicationContext: initialization completed in 269 ms
17-08-2022 Wed 20:21:21.453 [restartedMain] INFO  o.h.jpa.internal.util.LogHelper - HHH000204: Processing PersistenceUnitInfo [name: default]
17-08-2022 Wed 20:21:21.458 [restartedMain] WARN  com.zaxxer.hikari.HikariConfig - HikariPool-2 - maxLifetime is less than 30000ms, setting to default 1800000ms.
17-08-2022 Wed 20:21:21.459 [restartedMain] WARN  com.zaxxer.hikari.HikariConfig - HikariPool-2 - idleTimeout has been set but has no effect because the pool is operating as a fixed size pool.
17-08-2022 Wed 20:21:21.459 [restartedMain] INFO  com.zaxxer.hikari.HikariDataSource - HikariPool-2 - Starting...
17-08-2022 Wed 20:21:21.467 [restartedMain] INFO  com.zaxxer.hikari.HikariDataSource - HikariPool-2 - Start completed.
17-08-2022 Wed 20:21:21.468 [restartedMain] INFO  org.hibernate.dialect.Dialect - HHH000400: Using dialect: org.hibernate.dialect.MySQL8Dialect
17-08-2022 Wed 20:21:21.505 [restartedMain] INFO  o.h.e.t.j.p.i.JtaPlatformInitiator - HHH000490: Using JtaPlatform implementation: [org.hibernate.engine.transaction.jta.platform.internal.NoJtaPlatform]
17-08-2022 Wed 20:21:21.505 [restartedMain] INFO  o.s.o.j.LocalContainerEntityManagerFactoryBean - Initialized JPA EntityManagerFactory for persistence unit 'default'
17-08-2022 Wed 20:21:21.607 [restartedMain] WARN  o.s.b.a.o.j.JpaBaseConfiguration$JpaWebConfiguration - spring.jpa.open-in-view is enabled by default. Therefore, database queries may be performed during view rendering. Explicitly configure spring.jpa.open-in-view to disable this warning
17-08-2022 Wed 20:21:21.649 [restartedMain] INFO  o.s.b.d.a.OptionalLiveReloadServer - LiveReload server is running on port 35729
17-08-2022 Wed 20:21:21.777 [restartedMain] INFO  o.a.coyote.http11.Http11NioProtocol - Starting ProtocolHandler ["http-nio-9090"]
17-08-2022 Wed 20:21:21.779 [restartedMain] INFO  o.s.b.w.e.tomcat.TomcatWebServer - Tomcat started on port(s): 9090 (http) with context path ''
17-08-2022 Wed 20:21:21.845 [restartedMain] INFO  c.s.b.BankingApplicationCrudApplication - Started BankingApplicationCrudApplication in 0.721 seconds (JVM running for 46.988)
17-08-2022 Wed 20:21:21.846 [restartedMain] INFO  c.s.b.startup.MyStartup - Application name: rest-api-tutorials just loaded!
17-08-2022 Wed 20:21:21.846 [restartedMain] INFO  c.s.b.startup.MyStartup - EXECUTING : command line runner
17-08-2022 Wed 20:21:21.847 [restartedMain] INFO  o.s.b.d.a.ConditionEvaluationDeltaLoggingListener - Condition evaluation unchanged
17-08-2022 Wed 20:21:21.847 [restartedMain] INFO  c.s.b.BankingApplicationCrudApplication - App started
17-08-2022 Wed 20:21:21.991 [SpringApplicationShutdownHook] INFO  o.s.o.j.LocalContainerEntityManagerFactoryBean - Closing JPA EntityManagerFactory for persistence unit 'default'
17-08-2022 Wed 20:21:21.992 [SpringApplicationShutdownHook] INFO  com.zaxxer.hikari.HikariDataSource - HikariPool-2 - Shutdown initiated...
17-08-2022 Wed 20:21:21.994 [SpringApplicationShutdownHook] INFO  com.zaxxer.hikari.HikariDataSource - HikariPool-2 - Shutdown completed.
17-08-2022 Wed 20:21:23.710 [background-preinit] INFO  o.h.validator.internal.util.Version - HV000001: Hibernate Validator 6.2.3.Final
17-08-2022 Wed 20:21:23.716 [restartedMain] INFO  c.s.b.BankingApplicationCrudApplication - Starting BankingApplicationCrudApplication using Java 17.0.2 on DESKTOP-9JL74QH with PID 23484 (C:\Users\NORUL\Documents\IdeaProjects\banking-application-crud\target\classes started by NORUL in C:\Users\NORUL\Documents\IdeaProjects\banking-application-crud)
17-08-2022 Wed 20:21:23.717 [restartedMain] INFO  c.s.b.BankingApplicationCrudApplication - No active profile set, falling back to 1 default profile: "default"
17-08-2022 Wed 20:21:23.748 [restartedMain] INFO  o.s.b.d.e.DevToolsPropertyDefaultsPostProcessor - Devtools property defaults active! Set 'spring.devtools.add-properties' to 'false' to disable
17-08-2022 Wed 20:21:23.748 [restartedMain] INFO  o.s.b.d.e.DevToolsPropertyDefaultsPostProcessor - For additional web related logging consider setting the 'logging.level.web' property to 'DEBUG'
17-08-2022 Wed 20:21:24.291 [restartedMain] INFO  o.s.d.r.c.RepositoryConfigurationDelegate - Bootstrapping Spring Data JPA repositories in DEFAULT mode.
17-08-2022 Wed 20:21:24.340 [restartedMain] INFO  o.s.d.r.c.RepositoryConfigurationDelegate - Finished Spring Data repository scanning in 39 ms. Found 1 JPA repository interfaces.
17-08-2022 Wed 20:21:24.934 [restartedMain] INFO  o.s.b.w.e.tomcat.TomcatWebServer - Tomcat initialized with port(s): 9090 (http)
17-08-2022 Wed 20:21:24.942 [restartedMain] INFO  o.a.coyote.http11.Http11NioProtocol - Initializing ProtocolHandler ["http-nio-9090"]
17-08-2022 Wed 20:21:24.942 [restartedMain] INFO  o.a.catalina.core.StandardService - Starting service [Tomcat]
17-08-2022 Wed 20:21:24.942 [restartedMain] INFO  o.a.catalina.core.StandardEngine - Starting Servlet engine: [Apache Tomcat/9.0.65]
17-08-2022 Wed 20:21:25.001 [restartedMain] INFO  o.a.c.c.C.[Tomcat].[localhost].[/] - Initializing Spring embedded WebApplicationContext
17-08-2022 Wed 20:21:25.001 [restartedMain] INFO  o.s.b.w.s.c.ServletWebServerApplicationContext - Root WebApplicationContext: initialization completed in 1252 ms
17-08-2022 Wed 20:21:25.170 [restartedMain] INFO  o.h.jpa.internal.util.LogHelper - HHH000204: Processing PersistenceUnitInfo [name: default]
17-08-2022 Wed 20:21:25.227 [restartedMain] INFO  org.hibernate.Version - HHH000412: Hibernate ORM core version 5.6.10.Final
17-08-2022 Wed 20:21:25.392 [restartedMain] INFO  o.h.annotations.common.Version - HCANN000001: Hibernate Commons Annotations {5.1.2.Final}
17-08-2022 Wed 20:21:25.482 [restartedMain] WARN  com.zaxxer.hikari.HikariConfig - HikariPool-1 - maxLifetime is less than 30000ms, setting to default 1800000ms.
17-08-2022 Wed 20:21:25.484 [restartedMain] WARN  com.zaxxer.hikari.HikariConfig - HikariPool-1 - idleTimeout has been set but has no effect because the pool is operating as a fixed size pool.
17-08-2022 Wed 20:21:25.484 [restartedMain] INFO  com.zaxxer.hikari.HikariDataSource - HikariPool-1 - Starting...
17-08-2022 Wed 20:21:25.596 [restartedMain] INFO  com.zaxxer.hikari.HikariDataSource - HikariPool-1 - Start completed.
17-08-2022 Wed 20:21:25.606 [restartedMain] INFO  org.hibernate.dialect.Dialect - HHH000400: Using dialect: org.hibernate.dialect.MySQL8Dialect
17-08-2022 Wed 20:21:25.991 [restartedMain] INFO  o.h.e.t.j.p.i.JtaPlatformInitiator - HHH000490: Using JtaPlatform implementation: [org.hibernate.engine.transaction.jta.platform.internal.NoJtaPlatform]
17-08-2022 Wed 20:21:25.996 [restartedMain] INFO  o.s.o.j.LocalContainerEntityManagerFactoryBean - Initialized JPA EntityManagerFactory for persistence unit 'default'
17-08-2022 Wed 20:21:26.355 [restartedMain] WARN  o.s.b.a.o.j.JpaBaseConfiguration$JpaWebConfiguration - spring.jpa.open-in-view is enabled by default. Therefore, database queries may be performed during view rendering. Explicitly configure spring.jpa.open-in-view to disable this warning
17-08-2022 Wed 20:21:26.572 [restartedMain] INFO  o.s.b.d.a.OptionalLiveReloadServer - LiveReload server is running on port 35729
17-08-2022 Wed 20:21:26.879 [restartedMain] INFO  o.a.coyote.http11.Http11NioProtocol - Starting ProtocolHandler ["http-nio-9090"]
17-08-2022 Wed 20:21:26.898 [restartedMain] INFO  o.s.b.w.e.tomcat.TomcatWebServer - Tomcat started on port(s): 9090 (http) with context path ''
17-08-2022 Wed 20:21:27.163 [restartedMain] INFO  c.s.b.BankingApplicationCrudApplication - Started BankingApplicationCrudApplication in 3.773 seconds (JVM running for 4.094)
17-08-2022 Wed 20:21:27.165 [restartedMain] INFO  c.s.b.startup.MyStartup - Application name: rest-api-tutorials just loaded!
17-08-2022 Wed 20:21:27.165 [restartedMain] INFO  c.s.b.startup.MyStartup - EXECUTING : command line runner
17-08-2022 Wed 20:21:27.166 [restartedMain] INFO  c.s.b.BankingApplicationCrudApplication - App started
17-08-2022 Wed 20:21:55.120 [http-nio-9090-exec-1] INFO  o.a.c.c.C.[Tomcat].[localhost].[/] - Initializing Spring DispatcherServlet 'dispatcherServlet'
17-08-2022 Wed 20:21:55.120 [http-nio-9090-exec-1] INFO  o.s.web.servlet.DispatcherServlet - Initializing Servlet 'dispatcherServlet'
17-08-2022 Wed 20:21:55.121 [http-nio-9090-exec-1] INFO  o.s.web.servlet.DispatcherServlet - Completed initialization in 1 ms
17-08-2022 Wed 20:57:33.419 [SpringApplicationShutdownHook] INFO  o.s.o.j.LocalContainerEntityManagerFactoryBean - Closing JPA EntityManagerFactory for persistence unit 'default'
17-08-2022 Wed 20:57:33.421 [SpringApplicationShutdownHook] INFO  com.zaxxer.hikari.HikariDataSource - HikariPool-1 - Shutdown initiated...
17-08-2022 Wed 20:57:33.423 [SpringApplicationShutdownHook] INFO  com.zaxxer.hikari.HikariDataSource - HikariPool-1 - Shutdown completed.
17-08-2022 Wed 20:57:36.688 [background-preinit] INFO  o.h.validator.internal.util.Version - HV000001: Hibernate Validator 6.2.3.Final
17-08-2022 Wed 20:57:36.695 [restartedMain] INFO  c.s.b.BankingApplicationCrudApplication - Starting BankingApplicationCrudApplication using Java 17.0.2 on DESKTOP-9JL74QH with PID 29752 (C:\Users\NORUL\Documents\IdeaProjects\banking-application-crud\target\classes started by NORUL in C:\Users\NORUL\Documents\IdeaProjects\banking-application-crud)
17-08-2022 Wed 20:57:36.695 [restartedMain] INFO  c.s.b.BankingApplicationCrudApplication - No active profile set, falling back to 1 default profile: "default"
17-08-2022 Wed 20:57:36.726 [restartedMain] INFO  o.s.b.d.e.DevToolsPropertyDefaultsPostProcessor - Devtools property defaults active! Set 'spring.devtools.add-properties' to 'false' to disable
17-08-2022 Wed 20:57:36.726 [restartedMain] INFO  o.s.b.d.e.DevToolsPropertyDefaultsPostProcessor - For additional web related logging consider setting the 'logging.level.web' property to 'DEBUG'
17-08-2022 Wed 20:57:37.297 [restartedMain] INFO  o.s.d.r.c.RepositoryConfigurationDelegate - Bootstrapping Spring Data JPA repositories in DEFAULT mode.
17-08-2022 Wed 20:57:37.348 [restartedMain] INFO  o.s.d.r.c.RepositoryConfigurationDelegate - Finished Spring Data repository scanning in 44 ms. Found 1 JPA repository interfaces.
17-08-2022 Wed 20:57:37.877 [restartedMain] INFO  o.s.b.w.e.tomcat.TomcatWebServer - Tomcat initialized with port(s): 9090 (http)
17-08-2022 Wed 20:57:37.886 [restartedMain] INFO  o.a.coyote.http11.Http11NioProtocol - Initializing ProtocolHandler ["http-nio-9090"]
17-08-2022 Wed 20:57:37.886 [restartedMain] INFO  o.a.catalina.core.StandardService - Starting service [Tomcat]
17-08-2022 Wed 20:57:37.887 [restartedMain] INFO  o.a.catalina.core.StandardEngine - Starting Servlet engine: [Apache Tomcat/9.0.65]
17-08-2022 Wed 20:57:37.947 [restartedMain] INFO  o.a.c.c.C.[.[localhost].[/crud-api] - Initializing Spring embedded WebApplicationContext
17-08-2022 Wed 20:57:37.948 [restartedMain] INFO  o.s.b.w.s.c.ServletWebServerApplicationContext - Root WebApplicationContext: initialization completed in 1222 ms
17-08-2022 Wed 20:57:38.068 [restartedMain] INFO  o.h.jpa.internal.util.LogHelper - HHH000204: Processing PersistenceUnitInfo [name: default]
17-08-2022 Wed 20:57:38.111 [restartedMain] INFO  org.hibernate.Version - HHH000412: Hibernate ORM core version 5.6.10.Final
17-08-2022 Wed 20:57:38.259 [restartedMain] INFO  o.h.annotations.common.Version - HCANN000001: Hibernate Commons Annotations {5.1.2.Final}
17-08-2022 Wed 20:57:38.339 [restartedMain] WARN  com.zaxxer.hikari.HikariConfig - HikariPool-1 - maxLifetime is less than 30000ms, setting to default 1800000ms.
17-08-2022 Wed 20:57:38.341 [restartedMain] WARN  com.zaxxer.hikari.HikariConfig - HikariPool-1 - idleTimeout has been set but has no effect because the pool is operating as a fixed size pool.
17-08-2022 Wed 20:57:38.341 [restartedMain] INFO  com.zaxxer.hikari.HikariDataSource - HikariPool-1 - Starting...
17-08-2022 Wed 20:57:38.455 [restartedMain] INFO  com.zaxxer.hikari.HikariDataSource - HikariPool-1 - Start completed.
17-08-2022 Wed 20:57:38.465 [restartedMain] INFO  org.hibernate.dialect.Dialect - HHH000400: Using dialect: org.hibernate.dialect.MySQL8Dialect
17-08-2022 Wed 20:57:38.857 [restartedMain] INFO  o.h.e.t.j.p.i.JtaPlatformInitiator - HHH000490: Using JtaPlatform implementation: [org.hibernate.engine.transaction.jta.platform.internal.NoJtaPlatform]
17-08-2022 Wed 20:57:38.862 [restartedMain] INFO  o.s.o.j.LocalContainerEntityManagerFactoryBean - Initialized JPA EntityManagerFactory for persistence unit 'default'
17-08-2022 Wed 20:57:39.309 [restartedMain] WARN  o.s.b.a.o.j.JpaBaseConfiguration$JpaWebConfiguration - spring.jpa.open-in-view is enabled by default. Therefore, database queries may be performed during view rendering. Explicitly configure spring.jpa.open-in-view to disable this warning
17-08-2022 Wed 20:57:39.541 [restartedMain] INFO  o.s.b.d.a.OptionalLiveReloadServer - LiveReload server is running on port 35729
17-08-2022 Wed 20:57:39.803 [restartedMain] INFO  o.a.coyote.http11.Http11NioProtocol - Starting ProtocolHandler ["http-nio-9090"]
17-08-2022 Wed 20:57:39.816 [restartedMain] INFO  o.s.b.w.e.tomcat.TomcatWebServer - Tomcat started on port(s): 9090 (http) with context path '/crud-api'
17-08-2022 Wed 20:57:40.045 [restartedMain] INFO  c.s.b.BankingApplicationCrudApplication - Started BankingApplicationCrudApplication in 3.66 seconds (JVM running for 4.033)
17-08-2022 Wed 20:57:40.048 [restartedMain] INFO  c.s.b.startup.MyStartup - Application name: rest-api-tutorials just loaded!
17-08-2022 Wed 20:57:40.048 [restartedMain] INFO  c.s.b.startup.MyStartup - EXECUTING : command line runner
17-08-2022 Wed 20:57:40.049 [restartedMain] INFO  c.s.b.BankingApplicationCrudApplication - App started
17-08-2022 Wed 20:57:43.689 [http-nio-9090-exec-1] INFO  o.a.c.c.C.[.[localhost].[/crud-api] - Initializing Spring DispatcherServlet 'dispatcherServlet'
17-08-2022 Wed 20:57:43.690 [http-nio-9090-exec-1] INFO  o.s.web.servlet.DispatcherServlet - Initializing Servlet 'dispatcherServlet'
17-08-2022 Wed 20:57:43.690 [http-nio-9090-exec-1] INFO  o.s.web.servlet.DispatcherServlet - Completed initialization in 0 ms
17-08-2022 Wed 20:57:51.542 [SpringApplicationShutdownHook] INFO  o.s.o.j.LocalContainerEntityManagerFactoryBean - Closing JPA EntityManagerFactory for persistence unit 'default'
17-08-2022 Wed 20:57:51.543 [SpringApplicationShutdownHook] INFO  com.zaxxer.hikari.HikariDataSource - HikariPool-1 - Shutdown initiated...
17-08-2022 Wed 20:57:51.548 [SpringApplicationShutdownHook] INFO  com.zaxxer.hikari.HikariDataSource - HikariPool-1 - Shutdown completed.
17-08-2022 Wed 20:57:55.156 [background-preinit] INFO  o.h.validator.internal.util.Version - HV000001: Hibernate Validator 6.2.3.Final
17-08-2022 Wed 20:57:55.162 [restartedMain] INFO  c.s.b.BankingApplicationCrudApplication - Starting BankingApplicationCrudApplication using Java 17.0.2 on DESKTOP-9JL74QH with PID 22788 (C:\Users\NORUL\Documents\IdeaProjects\banking-application-crud\target\classes started by NORUL in C:\Users\NORUL\Documents\IdeaProjects\banking-application-crud)
17-08-2022 Wed 20:57:55.163 [restartedMain] INFO  c.s.b.BankingApplicationCrudApplication - No active profile set, falling back to 1 default profile: "default"
17-08-2022 Wed 20:57:55.192 [restartedMain] INFO  o.s.b.d.e.DevToolsPropertyDefaultsPostProcessor - Devtools property defaults active! Set 'spring.devtools.add-properties' to 'false' to disable
17-08-2022 Wed 20:57:55.192 [restartedMain] INFO  o.s.b.d.e.DevToolsPropertyDefaultsPostProcessor - For additional web related logging consider setting the 'logging.level.web' property to 'DEBUG'
17-08-2022 Wed 20:57:55.734 [restartedMain] INFO  o.s.d.r.c.RepositoryConfigurationDelegate - Bootstrapping Spring Data JPA repositories in DEFAULT mode.
17-08-2022 Wed 20:57:55.784 [restartedMain] INFO  o.s.d.r.c.RepositoryConfigurationDelegate - Finished Spring Data repository scanning in 45 ms. Found 1 JPA repository interfaces.
17-08-2022 Wed 20:57:56.322 [restartedMain] INFO  o.s.b.w.e.tomcat.TomcatWebServer - Tomcat initialized with port(s): 9090 (http)
17-08-2022 Wed 20:57:56.329 [restartedMain] INFO  o.a.coyote.http11.Http11NioProtocol - Initializing ProtocolHandler ["http-nio-9090"]
17-08-2022 Wed 20:57:56.330 [restartedMain] INFO  o.a.catalina.core.StandardService - Starting service [Tomcat]
17-08-2022 Wed 20:57:56.330 [restartedMain] INFO  o.a.catalina.core.StandardEngine - Starting Servlet engine: [Apache Tomcat/9.0.65]
17-08-2022 Wed 20:57:56.383 [restartedMain] INFO  o.a.c.c.C.[.[localhost].[/crud-api] - Initializing Spring embedded WebApplicationContext
17-08-2022 Wed 20:57:56.383 [restartedMain] INFO  o.s.b.w.s.c.ServletWebServerApplicationContext - Root WebApplicationContext: initialization completed in 1190 ms
17-08-2022 Wed 20:57:56.505 [restartedMain] INFO  o.h.jpa.internal.util.LogHelper - HHH000204: Processing PersistenceUnitInfo [name: default]
17-08-2022 Wed 20:57:56.544 [restartedMain] INFO  org.hibernate.Version - HHH000412: Hibernate ORM core version 5.6.10.Final
17-08-2022 Wed 20:57:56.668 [restartedMain] INFO  o.h.annotations.common.Version - HCANN000001: Hibernate Commons Annotations {5.1.2.Final}
17-08-2022 Wed 20:57:56.748 [restartedMain] WARN  com.zaxxer.hikari.HikariConfig - HikariPool-1 - maxLifetime is less than 30000ms, setting to default 1800000ms.
17-08-2022 Wed 20:57:56.749 [restartedMain] WARN  com.zaxxer.hikari.HikariConfig - HikariPool-1 - idleTimeout has been set but has no effect because the pool is operating as a fixed size pool.
17-08-2022 Wed 20:57:56.749 [restartedMain] INFO  com.zaxxer.hikari.HikariDataSource - HikariPool-1 - Starting...
17-08-2022 Wed 20:57:56.844 [restartedMain] INFO  com.zaxxer.hikari.HikariDataSource - HikariPool-1 - Start completed.
17-08-2022 Wed 20:57:56.853 [restartedMain] INFO  org.hibernate.dialect.Dialect - HHH000400: Using dialect: org.hibernate.dialect.MySQL8Dialect
17-08-2022 Wed 20:57:57.224 [restartedMain] INFO  o.h.e.t.j.p.i.JtaPlatformInitiator - HHH000490: Using JtaPlatform implementation: [org.hibernate.engine.transaction.jta.platform.internal.NoJtaPlatform]
17-08-2022 Wed 20:57:57.229 [restartedMain] INFO  o.s.o.j.LocalContainerEntityManagerFactoryBean - Initialized JPA EntityManagerFactory for persistence unit 'default'
17-08-2022 Wed 20:57:57.595 [restartedMain] WARN  o.s.b.a.o.j.JpaBaseConfiguration$JpaWebConfiguration - spring.jpa.open-in-view is enabled by default. Therefore, database queries may be performed during view rendering. Explicitly configure spring.jpa.open-in-view to disable this warning
17-08-2022 Wed 20:57:57.807 [restartedMain] INFO  o.s.b.d.a.OptionalLiveReloadServer - LiveReload server is running on port 35729
17-08-2022 Wed 20:57:58.094 [restartedMain] INFO  o.a.coyote.http11.Http11NioProtocol - Starting ProtocolHandler ["http-nio-9090"]
17-08-2022 Wed 20:57:58.113 [restartedMain] INFO  o.s.b.w.e.tomcat.TomcatWebServer - Tomcat started on port(s): 9090 (http) with context path '/crud-api'
17-08-2022 Wed 20:57:58.350 [restartedMain] INFO  c.s.b.BankingApplicationCrudApplication - Started BankingApplicationCrudApplication in 3.494 seconds (JVM running for 3.798)
17-08-2022 Wed 20:57:58.353 [restartedMain] INFO  c.s.b.startup.MyStartup - Application name: rest-api-tutorials just loaded!
17-08-2022 Wed 20:57:58.353 [restartedMain] INFO  c.s.b.startup.MyStartup - EXECUTING : command line runner
17-08-2022 Wed 20:57:58.354 [restartedMain] INFO  c.s.b.BankingApplicationCrudApplication - App started
17-08-2022 Wed 20:58:02.888 [http-nio-9090-exec-1] INFO  o.a.c.c.C.[.[localhost].[/crud-api] - Initializing Spring DispatcherServlet 'dispatcherServlet'
17-08-2022 Wed 20:58:02.888 [http-nio-9090-exec-1] INFO  o.s.web.servlet.DispatcherServlet - Initializing Servlet 'dispatcherServlet'
17-08-2022 Wed 20:58:02.889 [http-nio-9090-exec-1] INFO  o.s.web.servlet.DispatcherServlet - Completed initialization in 1 ms
17-08-2022 Wed 20:58:08.779 [Thread-4] INFO  o.s.o.j.LocalContainerEntityManagerFactoryBean - Closing JPA EntityManagerFactory for persistence unit 'default'
17-08-2022 Wed 20:58:08.781 [Thread-4] INFO  com.zaxxer.hikari.HikariDataSource - HikariPool-1 - Shutdown initiated...
17-08-2022 Wed 20:58:08.786 [Thread-4] INFO  com.zaxxer.hikari.HikariDataSource - HikariPool-1 - Shutdown completed.
17-08-2022 Wed 20:58:08.857 [restartedMain] INFO  c.s.b.BankingApplicationCrudApplication - Starting BankingApplicationCrudApplication using Java 17.0.2 on DESKTOP-9JL74QH with PID 22788 (C:\Users\NORUL\Documents\IdeaProjects\banking-application-crud\target\classes started by NORUL in C:\Users\NORUL\Documents\IdeaProjects\banking-application-crud)
17-08-2022 Wed 20:58:08.857 [restartedMain] INFO  c.s.b.BankingApplicationCrudApplication - No active profile set, falling back to 1 default profile: "default"
17-08-2022 Wed 20:58:09.048 [restartedMain] INFO  o.s.d.r.c.RepositoryConfigurationDelegate - Bootstrapping Spring Data JPA repositories in DEFAULT mode.
17-08-2022 Wed 20:58:09.062 [restartedMain] INFO  o.s.d.r.c.RepositoryConfigurationDelegate - Finished Spring Data repository scanning in 14 ms. Found 1 JPA repository interfaces.
17-08-2022 Wed 20:58:09.119 [restartedMain] INFO  o.s.b.w.e.tomcat.TomcatWebServer - Tomcat initialized with port(s): 9090 (http)
17-08-2022 Wed 20:58:09.120 [restartedMain] INFO  o.a.coyote.http11.Http11NioProtocol - Initializing ProtocolHandler ["http-nio-9090"]
17-08-2022 Wed 20:58:09.120 [restartedMain] INFO  o.a.catalina.core.StandardService - Starting service [Tomcat]
17-08-2022 Wed 20:58:09.120 [restartedMain] INFO  o.a.catalina.core.StandardEngine - Starting Servlet engine: [Apache Tomcat/9.0.65]
17-08-2022 Wed 20:58:09.137 [restartedMain] INFO  o.a.c.c.C.[Tomcat].[localhost].[/] - Initializing Spring embedded WebApplicationContext
17-08-2022 Wed 20:58:09.138 [restartedMain] INFO  o.s.b.w.s.c.ServletWebServerApplicationContext - Root WebApplicationContext: initialization completed in 279 ms
17-08-2022 Wed 20:58:09.158 [restartedMain] INFO  o.h.jpa.internal.util.LogHelper - HHH000204: Processing PersistenceUnitInfo [name: default]
17-08-2022 Wed 20:58:09.161 [restartedMain] WARN  com.zaxxer.hikari.HikariConfig - HikariPool-2 - maxLifetime is less than 30000ms, setting to default 1800000ms.
17-08-2022 Wed 20:58:09.161 [restartedMain] WARN  com.zaxxer.hikari.HikariConfig - HikariPool-2 - idleTimeout has been set but has no effect because the pool is operating as a fixed size pool.
17-08-2022 Wed 20:58:09.161 [restartedMain] INFO  com.zaxxer.hikari.HikariDataSource - HikariPool-2 - Starting...
17-08-2022 Wed 20:58:09.169 [restartedMain] INFO  com.zaxxer.hikari.HikariDataSource - HikariPool-2 - Start completed.
17-08-2022 Wed 20:58:09.169 [restartedMain] INFO  org.hibernate.dialect.Dialect - HHH000400: Using dialect: org.hibernate.dialect.MySQL8Dialect
17-08-2022 Wed 20:58:09.203 [restartedMain] INFO  o.h.e.t.j.p.i.JtaPlatformInitiator - HHH000490: Using JtaPlatform implementation: [org.hibernate.engine.transaction.jta.platform.internal.NoJtaPlatform]
17-08-2022 Wed 20:58:09.203 [restartedMain] INFO  o.s.o.j.LocalContainerEntityManagerFactoryBean - Initialized JPA EntityManagerFactory for persistence unit 'default'
17-08-2022 Wed 20:58:09.303 [restartedMain] WARN  o.s.b.a.o.j.JpaBaseConfiguration$JpaWebConfiguration - spring.jpa.open-in-view is enabled by default. Therefore, database queries may be performed during view rendering. Explicitly configure spring.jpa.open-in-view to disable this warning
17-08-2022 Wed 20:58:09.350 [restartedMain] INFO  o.s.b.d.a.OptionalLiveReloadServer - LiveReload server is running on port 35729
17-08-2022 Wed 20:58:09.496 [restartedMain] INFO  o.a.coyote.http11.Http11NioProtocol - Starting ProtocolHandler ["http-nio-9090"]
17-08-2022 Wed 20:58:09.499 [restartedMain] INFO  o.s.b.w.e.tomcat.TomcatWebServer - Tomcat started on port(s): 9090 (http) with context path ''
17-08-2022 Wed 20:58:09.575 [restartedMain] INFO  c.s.b.BankingApplicationCrudApplication - Started BankingApplicationCrudApplication in 0.746 seconds (JVM running for 15.024)
17-08-2022 Wed 20:58:09.575 [restartedMain] INFO  c.s.b.startup.MyStartup - Application name: rest-api-tutorials just loaded!
17-08-2022 Wed 20:58:09.575 [restartedMain] INFO  c.s.b.startup.MyStartup - EXECUTING : command line runner
17-08-2022 Wed 20:58:09.576 [restartedMain] INFO  o.s.b.d.a.ConditionEvaluationDeltaLoggingListener - Condition evaluation unchanged
17-08-2022 Wed 20:58:09.576 [restartedMain] INFO  c.s.b.BankingApplicationCrudApplication - App started
17-08-2022 Wed 21:00:00.044 [scheduling-1] INFO  c.s.b.scheduler.MyScheduler - Scheduler triggered for Every hour on 2022/08/17 21:00:00
